2024-07-15 21:01:13 Error: unable to fetch pb general forms
2024-07-15 22:23:59 Error: Unable to fetch the file: https://psebfiles.s3.ap-south-1.amazonaws.com/media/1682068809_XII ਰਾਜਨੀਤੀ ਸ਼ਾਸਤਰ ਸਿਲੇਬਸ 2023-24.pdf
2024-07-15 22:26:30 Error: Unable to fetch the file: https://psebfiles.s3.ap-south-1.amazonaws.com/media/1654750165_ਕੰਪਿਊਟਰ ਸਾਇੰਸ -8th.pdf
2024-07-15 22:27:24 Error: Unable to fetch the file: https://psebfiles.s3.ap-south-1.amazonaws.com/media/1665141056_11th ਸਕੀਮ ਆਫ਼ ਸਟਡੀਜ 2022-23.pdf
2024-07-15 22:27:52 Error: Unable to fetch the file: https://psebfiles.s3.ap-south-1.amazonaws.com/media/1665141101_12th ਸਕੀਮ ਆਫ਼ ਸਟਡੀਜ 2022-23.pdf
2024-07-17 17:39:15 Error: Unable to get form for selected category: pseb and title: horse.ogg. Error: CastError: Cast to ObjectId failed for value "horse.ogg" (type string) at path "_id" for model "PbPsebSyllabus"
2024-07-17 17:39:15 Error: Unable to get form for selected category: pseb and title: horse.ogg. Error: CastError: Cast to ObjectId failed for value "horse.ogg" (type string) at path "_id" for model "PbPsebSyllabus"
2024-07-17 17:39:15 Error: Unable to get form for selected category: pseb and title: horse.ogg. Error: CastError: Cast to ObjectId failed for value "horse.ogg" (type string) at path "_id" for model "PbPsebSyllabus"
2024-07-17 17:39:15 Error: Unable to get form for selected category: pseb and title: horse.ogg. Error: CastError: Cast to ObjectId failed for value "horse.ogg" (type string) at path "_id" for model "PbPsebSyllabus"
2024-07-17 17:39:15 Error: Unable to get form for selected category: pseb and title: horse.ogg. Error: CastError: Cast to ObjectId failed for value "horse.ogg" (type string) at path "_id" for model "PbPsebSyllabus"
2024-07-17 17:39:15 Error: Unable to get form for selected category: pseb and title: horse.ogg. Error: CastError: Cast to ObjectId failed for value "horse.ogg" (type string) at path "_id" for model "PbPsebSyllabus"
2024-07-17 17:39:15 Error: Unable to get form for selected category: pseb and title: horse.ogg. Error: CastError: Cast to ObjectId failed for value "horse.ogg" (type string) at path "_id" for model "PbPsebSyllabus"
2024-07-17 17:39:15 Error: Unable to get form for selected category: pseb and title: horse.ogg. Error: CastError: Cast to ObjectId failed for value "horse.ogg" (type string) at path "_id" for model "PbPsebSyllabus"
2024-07-17 17:39:15 Error: Unable to get form for selected category: pseb and title: horse.mp3. Error: CastError: Cast to ObjectId failed for value "horse.mp3" (type string) at path "_id" for model "PbPsebSyllabus"
2024-07-17 17:39:15 Error: Unable to get form for selected category: pseb and title: horse.mp3. Error: CastError: Cast to ObjectId failed for value "horse.mp3" (type string) at path "_id" for model "PbPsebSyllabus"
2024-07-17 17:39:15 Error: Unable to get form for selected category: pseb and title: horse.mp3. Error: CastError: Cast to ObjectId failed for value "horse.mp3" (type string) at path "_id" for model "PbPsebSyllabus"
2024-07-17 17:39:15 Error: Unable to get form for selected category: pseb and title: horse.mp3. Error: CastError: Cast to ObjectId failed for value "horse.mp3" (type string) at path "_id" for model "PbPsebSyllabus"
2024-07-17 17:39:15 Error: Unable to get form for selected category: pseb and title: horse.mp3. Error: CastError: Cast to ObjectId failed for value "horse.mp3" (type string) at path "_id" for model "PbPsebSyllabus"
2024-07-17 17:39:15 Error: Unable to get form for selected category: pseb and title: horse.mp3. Error: CastError: Cast to ObjectId failed for value "horse.mp3" (type string) at path "_id" for model "PbPsebSyllabus"
2024-07-17 17:39:15 Error: Unable to get form for selected category: pseb and title: horse.mp3. Error: CastError: Cast to ObjectId failed for value "horse.mp3" (type string) at path "_id" for model "PbPsebSyllabus"
2024-07-17 17:39:15 Error: Unable to get form for selected category: pseb and title: horse.mp3. Error: CastError: Cast to ObjectId failed for value "horse.mp3" (type string) at path "_id" for model "PbPsebSyllabus"
2024-07-17 17:59:33 Error: Unable to get pdf file for link: 1676022340_C8,%20PS%201%20Value%20of%20Money.mp3 and category: pseb. Error: NotFound: No such file or directory (os error 2): readfile '/Users/gurkiransinghrandhawa/Desktop/Forms/project/storeFiles/pseb/ceo/1676022340_C8,%20PS%201%20Value%20of%20Money.mp3'
2024-07-17 18:00:38 Error: Unable to get pdf file for link: 1676022340_C8,%20PS%201%20Value%20of%20Money.mp3 and category: pseb. Error: NotFound: No such file or directory (os error 2): readfile '/Users/gurkiransinghrandhawa/Desktop/Forms/project/storeFiles/pseb/ceo/1676022340_C8,%20PS%201%20Value%20of%20Money.mp3'
2024-07-17 18:02:14 Error: Unable to get pdf file for link: 1676022340_C8,%20PS%201%20Value%20of%20Money.mp3 and category: pseb. Error: NotFound: No such file or directory (os error 2): readfile '/Users/gurkiransinghrandhawa/Desktop/Forms/project/storeFiles/pseb/ceo/1676022340_C8,%20PS%201%20Value%20of%20Money.mp3'
2024-07-17 18:06:16 Error: Unable to get pdf file for link: 1676022340_C8,%20PS%201%20Value%20of%20Money.mp3 and category: pseb. Error: NotFound: No such file or directory (os error 2): readfile '/Users/gurkiransinghrandhawa/Desktop/Forms/project/storeFiles/pseb/ceo/1676022340_C8,%20PS%201%20Value%20of%20Money.mp3'
2024-07-17 18:07:57 Error: Unable to get pdf file for link: 1676022340_C8,%20PS%201%20Value%20of%20Money.mp3 and category: pseb. Error: NotFound: No such file or directory (os error 2): readfile '/Users/gurkiransinghrandhawa/Desktop/Forms/project/storeFiles/pseb/ceo/1676022340_C8,%20PS%201%20Value%20of%20Money.mp3'
2024-07-17 18:09:24 Error: Unable to get pdf file for link: 1676022340_C8,%20PS%201%20Value%20of%20Money.mp3 and category: pseb. Error: NotFound: No such file or directory (os error 2): readfile '/Users/gurkiransinghrandhawa/Desktop/Forms/project/storeFiles/pseb/ceo/1676022340_C8,%20PS%201%20Value%20of%20Money.mp3'
2024-07-17 18:09:59 Error: Unable to get pdf file for link: 1676022369_C8,%20PS%204%20The%20Old%20Sage%20and%20the%20Brothers.mp3 and category: pseb. Error: NotFound: No such file or directory (os error 2): readfile '/Users/gurkiransinghrandhawa/Desktop/Forms/project/storeFiles/pseb/ceo/1676022369_C8,%20PS%204%20The%20Old%20Sage%20and%20the%20Brothers.mp3'
2024-07-17 18:10:51 Error: Unable to get pdf file for link: 1676022342_C8,%20PS%205%20The%20Punjab%20A%20Glimpse.mp3 and category: pseb. Error: NotFound: No such file or directory (os error 2): readfile '/Users/gurkiransinghrandhawa/Desktop/Forms/project/storeFiles/pseb/ceo/1676022342_C8,%20PS%205%20The%20Punjab%20A%20Glimpse.mp3'
2024-07-17 18:11:42 Error: Unable to get pdf file for link: 1676022345_C8,%20PS%208%20Marco%20Polo.mp3 and category: pseb. Error: NotFound: No such file or directory (os error 2): readfile '/Users/gurkiransinghrandhawa/Desktop/Forms/project/storeFiles/pseb/ceo/1676022345_C8,%20PS%208%20Marco%20Polo.mp3'
2024-07-17 18:12:21 Error: Unable to get pdf file for link: 1676022343_C8,%20PS%207%20Safety%20While%20Driving.mp3 and category: pseb. Error: NotFound: No such file or directory (os error 2): readfile '/Users/gurkiransinghrandhawa/Desktop/Forms/project/storeFiles/pseb/ceo/1676022343_C8,%20PS%207%20Safety%20While%20Driving.mp3'
2024-07-17 18:16:16 Error: Unable to get pdf file for link: 1676266234_12.%20Once%20Upon%20a%20Time.mp3 and category: pseb. Error: NotFound: No such file or directory (os error 2): readfile '/Users/gurkiransinghrandhawa/Desktop/Forms/project/storeFiles/pseb/ceo/1676266234_12.%20Once%20Upon%20a%20Time.mp3'
2024-07-17 21:17:34 Error: Unable to get pdf file for link: 1676027243_1.%20Hassans%20Attendance%20Problem.mp3 and category: pseb. Error: NotFound: No such file or directory (os error 2): readfile '/Users/gurkiransinghrandhawa/Desktop/Forms/project/storeFiles/pseb/ceo/1676027243_1.%20Hassans%20Attendance%20Problem.mp3'
2024-07-17 21:22:23 Error: Unable to get pdf file for link: 1676027243_1.%20Hassans%20Attendance%20Problem.mp3 and category: pseb. Error: NotFound: No such file or directory (os error 2): readfile '/Users/gurkiransinghrandhawa/Desktop/Forms/project/storeFiles/pseb/ceo/1676027243_1.%20Hassans%20Attendance%20Problem.mp3'
2024-07-17 21:23:05 Error: Unable to get pdf file for link: 1676027243_1.%20Hassans%20Attendance%20Problem.mp3 and category: pseb. Error: NotFound: No such file or directory (os error 2): readfile '/Users/gurkiransinghrandhawa/Desktop/Forms/project/storeFiles/pseb/ceo/1676027243_1.%20Hassans%20Attendance%20Problem.mp3'
2024-07-17 21:28:24 Error: Unable to get pdf file for link: 1676027243_1.%20Hassans%20Attendance%20Problem.mp3 and category: pseb. Error: NotFound: No such file or directory (os error 2): readfile '/Users/gurkiransinghrandhawa/Desktop/Forms/project/storeFiles/pb/pseb/1676027243_1.%20Hassans%20Attendance%20Problem.mp3'
2024-07-17 21:29:59 Error: Unable to get pdf file for link: 1676027243_1.%20Hassans%20Attendance%20Problem.mp3 and category: pseb. Error: NotFound: No such file or directory (os error 2): readfile '/Users/gurkiransinghrandhawa/Desktop/Forms/project/storeFiles/pb/pseb/1676027243_1.%20Hassans%20Attendance%20Problem.mp3'
2024-07-18 11:16:01 Error: Unable to safe pdf file for Punjab pspcl forms. Link:https:/media/pdf/10007/user_datasheet.pdf. Error is: TypeError: error sending request for url (https://media/pdf/10007/user_datasheet.pdf)
2024-07-18 11:16:01 Error: Unable to safe pdf file for Punjab pspcl forms. Link:https:/media/pdf/10007/PCL-LT-1-APPLICATION-AND-AGREEMENT-_A-A_-FORM.pdf. Error is: TypeError: error sending request for url (https://media/pdf/10007/PCL-LT-1-APPLICATION-AND-AGREEMENT-_A-A_-FORM.pdf)
2024-07-18 11:16:01 Error: Unable to safe pdf file for Punjab pspcl forms. Link:https:/media/pdf/10007/PCL-LT-_DS-20-kW_-1A-APPLICATION-AND-AGREEMENT-_A-A_-FORM.pdf. Error is: TypeError: error sending request for url (https://media/pdf/10007/PCL-LT-_DS-20-kW_-1A-APPLICATION-AND-AGREEMENT-_A-A_-FORM.pdf)
2024-07-18 11:16:01 Error: Unable to safe pdf file for Punjab pspcl forms. Link:https:/media/pdf/10007/PCL-LT-_AP_-1-B-APPLICATION-AND-AGREEMENT-_A-A_-FORM.pdf. Error is: TypeError: error sending request for url (https://media/pdf/10007/PCL-LT-_AP_-1-B-APPLICATION-AND-AGREEMENT-_A-A_-FORM.pdf)
2024-07-18 11:16:01 Error: Unable to safe pdf file for Punjab pspcl forms. Link:https:/media/pdf/10007/PCL-Requisition-REQUISITION-FORM-FOR-DEMAND-EXCEEDING-500-kVA.pdf. Error is: TypeError: error sending request for url (https://media/pdf/10007/PCL-Requisition-REQUISITION-FORM-FOR-DEMAND-EXCEEDING-500-kVA.pdf)
2024-07-18 11:16:01 Error: Unable to safe pdf file for Punjab pspcl forms. Link:https:/media/pdf/10007/PCL-HT-EHT-APPLICATION-AND-AGREEMENT-_A-A_-FORM-_HT-EHT-supply_.pdf. Error is: TypeError: error sending request for url (https://media/pdf/10007/PCL-HT-EHT-APPLICATION-AND-AGREEMENT-_A-A_-FORM-_HT-EHT-supply_.pdf)
2024-07-18 11:16:01 Error: Unable to safe pdf file for Punjab pspcl forms. Link:https:/media/pdf/10007/PCL-Agreement-DRAFT-AGREEMENT-FOR-SUPPLY-OF-ELECTRICITY-THROUGH-cluster-sub-stn_.pdf. Error is: TypeError: error sending request for url (https://media/pdf/10007/PCL-Agreement-DRAFT-AGREEMENT-FOR-SUPPLY-OF-ELECTRICITY-THROUGH-cluster-sub-stn_.pdf)
2024-07-18 11:16:01 Error: Unable to safe pdf file for Punjab pspcl forms. Link:https:/media/pdf/10007/PCL-SL-AGREEMENT-FOR-STREET-LIGHTING.pdf. Error is: TypeError: error sending request for url (https://media/pdf/10007/PCL-SL-AGREEMENT-FOR-STREET-LIGHTING.pdf)
2024-07-18 11:16:01 Error: Unable to safe pdf file for Punjab pspcl forms. Link:https:/media/pdf/10007/PCL-SL-S-SUPPLEMENTARY-AGREEMENT-FOR-STREET-LIGHTING.pdf. Error is: TypeError: error sending request for url (https://media/pdf/10007/PCL-SL-S-SUPPLEMENTARY-AGREEMENT-FOR-STREET-LIGHTING.pdf)
2024-07-18 11:16:01 Error: Unable to safe pdf file for Punjab pspcl forms. Link:https:/media/pdf/10007/PCL-demand-notice.pdf. Error is: TypeError: error sending request for url (https://media/pdf/10007/PCL-demand-notice.pdf)
2024-07-18 11:16:01 Error: Unable to safe pdf file for Punjab pspcl forms. Link:https:/media/pdf/10007/PCL-indeminty-bond.pdf. Error is: TypeError: error sending request for url (https://media/pdf/10007/PCL-indeminty-bond.pdf)
2024-07-18 11:16:01 Error: Unable to safe pdf file for Punjab pspcl forms. Link:https:/media/pdf/10007/VDS-features.pdf. Error is: TypeError: error sending request for url (https://media/pdf/10007/VDS-features.pdf)
2024-07-18 11:16:01 Error: Unable to safe pdf file for Punjab pspcl forms. Link:https:/media/pdf/10007/Power-Supply-Agreement-for-CPP.pdf. Error is: TypeError: error sending request for url (https://media/pdf/10007/Power-Supply-Agreement-for-CPP.pdf)
2024-07-18 11:16:01 Error: Unable to safe pdf file for Punjab pspcl forms. Link:https:/media/pdf/10007/pspcli.pdf. Error is: TypeError: error sending request for url (https://media/pdf/10007/pspcli.pdf)
2024-07-18 11:16:01 Error: Unable to safe pdf file for Punjab pspcl forms. Link:https:/media/pdf/10007/hrdata.pdf. Error is: TypeError: error sending request for url (https://media/pdf/10007/hrdata.pdf)
2024-07-18 11:16:01 Error: Unable to safe pdf file for Punjab pspcl forms. Link:https:/media/pdf/10007/performa_a_b_hr.pdf. Error is: TypeError: error sending request for url (https://media/pdf/10007/performa_a_b_hr.pdf)
2024-07-18 11:16:01 Error: Unable to safe pdf file for Punjab pspcl forms. Link:https:/media/pdf/10007/hra.pdf. Error is: TypeError: error sending request for url (https://media/pdf/10007/hra.pdf)
2024-07-18 11:16:01 Error: Unable to safe pdf file for Punjab pspcl forms. Link:https:/media/pdf/10007/final_gpf_payment.pdf. Error is: TypeError: error sending request for url (https://media/pdf/10007/final_gpf_payment.pdf)
2024-07-18 11:16:01 Error: Unable to safe pdf file for Punjab pspcl forms. Link:https:/media/pdf/10007/final_gpf.pdf. Error is: TypeError: error sending request for url (https://media/pdf/10007/final_gpf.pdf)
2024-07-18 11:16:01 Error: Unable to safe pdf file for Punjab pspcl forms. Link:https:/media/pdf/10007/gpf_adv.pdf. Error is: TypeError: error sending request for url (https://media/pdf/10007/gpf_adv.pdf)
2024-07-18 11:16:01 Error: Unable to safe pdf file for Punjab pspcl forms. Link:https:/media/pdf/10007/SubscriberRegistrationFormGovt03012023.pdf. Error is: TypeError: error sending request for url (https://media/pdf/10007/SubscriberRegistrationFormGovt03012023.pdf)
2024-07-18 11:16:01 Error: Unable to safe pdf file for Punjab pspcl forms. Link:https:/media/pdf/10007/inst_fill_pran.pdf. Error is: TypeError: error sending request for url (https://media/pdf/10007/inst_fill_pran.pdf)
2024-07-18 11:16:01 Error: Unable to safe pdf file for Punjab pspcl forms. Link:https:/media/pdf/10007/02.-Annexure-III-Additional-Nominees.pdf. Error is: TypeError: error sending request for url (https://media/pdf/10007/02.-Annexure-III-Additional-Nominees.pdf)
2024-07-18 11:16:01 Error: Unable to safe pdf file for Punjab pspcl forms. Link:https:/media/pdf/10007/03.-Instructions-Sheet.pdf. Error is: TypeError: error sending request for url (https://media/pdf/10007/03.-Instructions-Sheet.pdf)
2024-07-18 11:16:01 Error: Unable to safe pdf file for Punjab pspcl forms. Link:https:/media/pdf/10007/change_pran.pdf. Error is: TypeError: error sending request for url (https://media/pdf/10007/change_pran.pdf)
2024-07-18 11:16:01 Error: Unable to safe pdf file for Punjab pspcl forms. Link:https:/media/pdf/10007/pension_folio_5.xls. Error is: TypeError: error sending request for url (https://media/pdf/10007/pension_folio_5.xls)
2024-07-18 11:16:01 Error: Unable to safe pdf file for Punjab pspcl forms. Link:https:/media/pdf/10007/pension_folio_5.pdf. Error is: TypeError: error sending request for url (https://media/pdf/10007/pension_folio_5.pdf)
2024-07-18 11:16:01 Error: Unable to safe pdf file for Punjab pspcl forms. Link:https:/media/pdf/10007/Exit-from-NPS-Due-to-Premature-Exit-form.pdf. Error is: TypeError: error sending request for url (https://media/pdf/10007/Exit-from-NPS-Due-to-Premature-Exit-form.pdf)
2024-07-18 11:16:01 Error: Unable to safe pdf file for Punjab pspcl forms. Link:https:/media/pdf/10007/Exit-from-NPS-Due-to-Superannuation-and-Incapacitation.pdf. Error is: TypeError: error sending request for url (https://media/pdf/10007/Exit-from-NPS-Due-to-Superannuation-and-Incapacitation.pdf)
2024-07-18 11:16:01 Error: Unable to safe pdf file for Punjab pspcl forms. Link:https:/media/pdf/10007/WITHDRWAL-FORM-DEATH0001.pdf. Error is: TypeError: error sending request for url (https://media/pdf/10007/WITHDRWAL-FORM-DEATH0001.pdf)
2024-07-18 11:16:01 Error: Unable to safe pdf file for Punjab pspcl forms. Link:https:/media/pdf/10007/Annexure-_Additional-withdrawal-Details.pdf. Error is: TypeError: error sending request for url (https://media/pdf/10007/Annexure-_Additional-withdrawal-Details.pdf)
2024-07-18 11:16:01 Error: Unable to safe pdf file for Punjab pspcl forms. Link:https:/media/pdf/10007/PARTIAL-WITHDRAWAL-FORM.pdf. Error is: TypeError: error sending request for url (https://media/pdf/10007/PARTIAL-WITHDRAWAL-FORM.pdf)
2024-07-18 11:16:01 Error: Unable to safe pdf file for Punjab pspcl forms. Link:https:/media/pdf/10007/Inter-Sector-Shifting-ISS-Form-1.pdf. Error is: TypeError: error sending request for url (https://media/pdf/10007/Inter-Sector-Shifting-ISS-Form-1.pdf)
2024-07-18 11:16:01 Error: Unable to safe pdf file for Punjab pspcl forms. Link:https:/media/pdf/10007/GRATUITY-FORM-RETIREMENT-UNDER-NPS.pdf. Error is: TypeError: error sending request for url (https://media/pdf/10007/GRATUITY-FORM-RETIREMENT-UNDER-NPS.pdf)
2024-07-18 11:16:01 Error: Unable to safe pdf file for Punjab pspcl forms. Link:https:/media/pdf/10007/GRATUITY-FORM-DEATH-IN-SERVICE-UNDER-NPS.pdf. Error is: TypeError: error sending request for url (https://media/pdf/10007/GRATUITY-FORM-DEATH-IN-SERVICE-UNDER-NPS.pdf)
2024-07-18 11:16:01 Error: Unable to safe pdf file for Punjab pspcl forms. Link:https:/media/pdf/10007/letter.pdf. Error is: TypeError: error sending request for url (https://media/pdf/10007/letter.pdf)
2024-07-18 11:16:01 Error: Unable to safe pdf file for Punjab pspcl forms. Link:https:/media/pdf/10007/cash.xls. Error is: TypeError: error sending request for url (https://media/pdf/10007/cash.xls)
2024-07-18 11:16:01 Error: Unable to safe pdf file for Punjab pspcl forms. Link:https:/media/pdf/10007/pension.pdf. Error is: TypeError: error sending request for url (https://media/pdf/10007/pension.pdf)
2024-07-18 11:16:01 Error: Unable to safe pdf file for Punjab pspcl forms. Link:https:/media/pdf/10007/pension_65.pdf. Error is: TypeError: error sending request for url (https://media/pdf/10007/pension_65.pdf)
2024-07-18 11:16:01 Error: Unable to safe pdf file for Punjab pspcl forms. Link:https:/media/pdf/10007/commu.pdf. Error is: TypeError: error sending request for url (https://media/pdf/10007/commu.pdf)
2024-07-18 11:16:01 Error: Unable to safe pdf file for Punjab pspcl forms. Link:https:/media/pdf/10007/1-ACR-Proforma-ENGINERRING-OFFECERS.pdf. Error is: TypeError: error sending request for url (https://media/pdf/10007/1-ACR-Proforma-ENGINERRING-OFFECERS.pdf)
2024-07-18 11:16:01 Error: Unable to safe pdf file for Punjab pspcl forms. Link:https:/media/pdf/10007/secondACR-GENERAL-CADRE-OFFICERS.pdf. Error is: TypeError: error sending request for url (https://media/pdf/10007/secondACR-GENERAL-CADRE-OFFICERS.pdf)
2024-07-18 11:16:01 Error: Unable to safe pdf file for Punjab pspcl forms. Link:https:/media/pdf/10007/acr-naz.pdf. Error is: TypeError: error sending request for url (https://media/pdf/10007/acr-naz.pdf)
2024-07-18 11:16:01 Error: Unable to safe pdf file for Punjab pspcl forms. Link:https:/media/pdf/10007/ACR329092022.pdf. Error is: TypeError: error sending request for url (https://media/pdf/10007/ACR329092022.pdf)
2024-07-18 11:16:01 Error: Unable to safe pdf file for Punjab pspcl forms. Link:https:/media/pdf/10007/acr-tech_estt.pdf. Error is: TypeError: error sending request for url (https://media/pdf/10007/acr-tech_estt.pdf)
2024-07-18 11:16:01 Error: Unable to safe pdf file for Punjab pspcl forms. Link:https:/media/pdf/10007/ACR429092022.pdf. Error is: TypeError: error sending request for url (https://media/pdf/10007/ACR429092022.pdf)
2024-07-18 11:16:01 Error: Unable to safe pdf file for Punjab pspcl forms. Link:https:/media/pdf/10007/acr-draw_estt.pdf. Error is: TypeError: error sending request for url (https://media/pdf/10007/acr-draw_estt.pdf)
2024-07-18 11:16:01 Error: Unable to safe pdf file for Punjab pspcl forms. Link:https:/media/pdf/10007/ACR529092022.pdf. Error is: TypeError: error sending request for url (https://media/pdf/10007/ACR529092022.pdf)
2024-07-18 11:16:01 Error: Unable to safe pdf file for Punjab pspcl forms. Link:https:/media/pdf/10007/acr-iv.pdf. Error is: TypeError: error sending request for url (https://media/pdf/10007/acr-iv.pdf)
2024-07-18 11:16:01 Error: Unable to safe pdf file for Punjab pspcl forms. Link:https:/media/pdf/10007/acr-driver.pdf. Error is: TypeError: error sending request for url (https://media/pdf/10007/acr-driver.pdf)
2024-07-18 11:16:01 Error: Unable to safe pdf file for Punjab pspcl forms. Link:https:/media/pdf/10007/ACR729092022.pdf. Error is: TypeError: error sending request for url (https://media/pdf/10007/ACR729092022.pdf)
2024-07-18 11:16:01 Error: Unable to safe pdf file for Punjab pspcl forms. Link:https:/media/pdf/10007/8-ACR-ACCOUNTS-AUDIT-OFFICERS.pdf. Error is: TypeError: error sending request for url (https://media/pdf/10007/8-ACR-ACCOUNTS-AUDIT-OFFICERS.pdf)
2024-07-18 11:16:01 Error: Unable to safe pdf file for Punjab pspcl forms. Link:https:/media/pdf/10007/car_sas_acco.pdf. Error is: TypeError: error sending request for url (https://media/pdf/10007/car_sas_acco.pdf)
2024-07-18 11:16:01 Error: Unable to safe pdf file for Punjab pspcl forms. Link:https:/media/pdf/10007/ACR929092022.pdf. Error is: TypeError: error sending request for url (https://media/pdf/10007/ACR929092022.pdf)
2024-07-18 11:16:01 Error: Unable to safe pdf file for Punjab pspcl forms. Link:https:/media/pdf/10007/car_ara_ra.pdf. Error is: TypeError: error sending request for url (https://media/pdf/10007/car_ara_ra.pdf)
2024-07-18 11:16:01 Error: Unable to safe pdf file for Punjab pspcl forms. Link:https:/media/pdf/10007/ACR1029092022.pdf. Error is: TypeError: error sending request for url (https://media/pdf/10007/ACR1029092022.pdf)
2024-07-18 11:16:01 Error: Unable to safe pdf file for Punjab pspcl forms. Link:https:/media/pdf/10007/car_jun_engg.pdf. Error is: TypeError: error sending request for url (https://media/pdf/10007/car_jun_engg.pdf)
2024-07-18 11:16:01 Error: Unable to safe pdf file for Punjab pspcl forms. Link:https:/media/pdf/10007/ACR1129092022.pdf. Error is: TypeError: error sending request for url (https://media/pdf/10007/ACR1129092022.pdf)
2024-07-18 11:16:01 Error: Unable to safe pdf file for Punjab pspcl forms. Link:https:/media/pdf/10007/car_sso_ssa.pdf. Error is: TypeError: error sending request for url (https://media/pdf/10007/car_sso_ssa.pdf)
2024-07-18 11:16:01 Error: Unable to safe pdf file for Punjab pspcl forms. Link:https:/media/pdf/10007/ACR1229092022.pdf. Error is: TypeError: error sending request for url (https://media/pdf/10007/ACR1229092022.pdf)
2024-07-18 11:16:01 Error: Unable to safe pdf file for Punjab pspcl forms. Link:https:/media/pdf/10007/property.pdf. Error is: TypeError: error sending request for url (https://media/pdf/10007/property.pdf)
2024-07-18 11:16:01 Error: Unable to safe pdf file for Punjab pspcl forms. Link:https:/media/pdf/10007/compassionate_solatium.pdf. Error is: TypeError: error sending request for url (https://media/pdf/10007/compassionate_solatium.pdf)
2024-07-18 11:16:01 Error: Unable to safe pdf file for Punjab pspcl forms. Link:https:/media/pdf/10007/earned_leave_prof.pdf. Error is: TypeError: error sending request for url (https://media/pdf/10007/earned_leave_prof.pdf)
2024-07-18 11:16:01 Error: Unable to safe pdf file for Punjab pspcl forms. Link:https:/media/pdf/10007/requisition_vehicle-1.pdf. Error is: TypeError: error sending request for url (https://media/pdf/10007/requisition_vehicle-1.pdf)
2024-07-18 11:16:01 Error: Unable to safe pdf file for Punjab pspcl forms. Link:https:/media/pdf/10007/undertaking_mobile_lan_ph_bill.pdf. Error is: TypeError: error sending request for url (https://media/pdf/10007/undertaking_mobile_lan_ph_bill.pdf)
2024-07-18 11:16:01 Error: Unable to safe pdf file for Punjab pspcl forms. Link:https:/media/pdf/10007/Elec.-Concession-Format-1.pdf. Error is: TypeError: error sending request for url (https://media/pdf/10007/Elec.-Concession-Format-1.pdf)
2024-07-18 11:16:01 Error: Unable to safe pdf file for Punjab pspcl forms. Link:https:/media/pdf/10007/OPTION-FORM-UNDERTAKING.pdf. Error is: TypeError: error sending request for url (https://media/pdf/10007/OPTION-FORM-UNDERTAKING.pdf)
2024-07-18 11:16:01 Error: Unable to safe pdf file for Punjab pspcl forms. Link:https:/media/pdf/10007/pspcli.pdf. Error is: TypeError: error sending request for url (https://media/pdf/10007/pspcli.pdf)
2024-07-18 11:16:01 Error: Unable to safe pdf file for Punjab pspcl forms. Link:https:/media/pdf/10007/hr_pensioners.pdf. Error is: TypeError: error sending request for url (https://media/pdf/10007/hr_pensioners.pdf)
2024-07-18 11:16:01 Error: Unable to safe pdf file for Punjab pspcl forms. Link:https:/media/pdf/10007/gen.pdf. Error is: TypeError: error sending request for url (https://media/pdf/10007/gen.pdf)
2024-07-18 11:16:01 Error: Unable to safe pdf file for Punjab pspcl forms. Link:https:/media/pdf/10007/fill.pdf. Error is: TypeError: error sending request for url (https://media/pdf/10007/fill.pdf)
2024-07-18 11:16:01 Error: Unable to safe pdf file for Punjab pspcl forms. Link:https:/media/pdf/10007/Pension_forms270920222.pdf. Error is: TypeError: error sending request for url (https://media/pdf/10007/Pension_forms270920222.pdf)
2024-07-18 11:16:01 Error: Unable to safe pdf file for Punjab pspcl forms. Link:https:/media/pdf/10007/deathr.pdf. Error is: TypeError: error sending request for url (https://media/pdf/10007/deathr.pdf)
2024-07-18 11:16:01 Error: Unable to safe pdf file for Punjab pspcl forms. Link:https:/media/pdf/10007/deathe.pdf. Error is: TypeError: error sending request for url (https://media/pdf/10007/deathe.pdf)
2024-07-18 11:16:01 Error: Unable to safe pdf file for Punjab pspcl forms. Link:https:/pdfs/twenty-twentytwo/04/Lifecertificate202425.pdf. Error is: TypeError: error sending request for url (https://pdfs/twenty-twentytwo/04/Lifecertificate202425.pdf)
2024-07-18 11:16:01 Error: Unable to safe pdf file for Punjab pspcl forms. Link:https:/media/pdf/10007/Exgrotia_Grant_form.pdf. Error is: TypeError: error sending request for url (https://media/pdf/10007/Exgrotia_Grant_form.pdf)
2024-07-18 11:16:01 Error: Unable to safe pdf file for Punjab pspcl forms. Link:https:/media/pdf/10007/pen-form-hod.pdf. Error is: TypeError: error sending request for url (https://media/pdf/10007/pen-form-hod.pdf)
2024-07-18 11:16:01 Error: Unable to safe pdf file for Punjab pspcl forms. Link:https:/media/pdf/10007/family-pension-instructions.docx. Error is: TypeError: error sending request for url (https://media/pdf/10007/family-pension-instructions.docx)
2024-07-18 11:16:01 Error: Unable to safe pdf file for Punjab pspcl forms. Link:https:/media/pdf/10007/INSTRUCTIONS.pdf. Error is: TypeError: error sending request for url (https://media/pdf/10007/INSTRUCTIONS.pdf)
2024-07-18 11:16:01 Error: Unable to safe pdf file for Punjab pspcl forms. Link:https:/media/pdf/10007/Blank_form_for_NPS_Family_Pension.pdf. Error is: TypeError: error sending request for url (https://media/pdf/10007/Blank_form_for_NPS_Family_Pension.pdf)
2024-07-18 11:19:33 Error: Unable to safe pdf file for Punjab pspcl forms. Link:https:/media/pdf/10007/user_datasheet.pdf. Error is: TypeError: error sending request for url (https://media/pdf/10007/user_datasheet.pdf)
2024-07-18 11:19:33 Error: Unable to safe pdf file for Punjab pspcl forms. Link:https:/media/pdf/10007/PCL-LT-1-APPLICATION-AND-AGREEMENT-_A-A_-FORM.pdf. Error is: TypeError: error sending request for url (https://media/pdf/10007/PCL-LT-1-APPLICATION-AND-AGREEMENT-_A-A_-FORM.pdf)
2024-07-18 11:19:33 Error: Unable to safe pdf file for Punjab pspcl forms. Link:https:/media/pdf/10007/PCL-LT-_DS-20-kW_-1A-APPLICATION-AND-AGREEMENT-_A-A_-FORM.pdf. Error is: TypeError: error sending request for url (https://media/pdf/10007/PCL-LT-_DS-20-kW_-1A-APPLICATION-AND-AGREEMENT-_A-A_-FORM.pdf)
2024-07-18 11:19:33 Error: Unable to safe pdf file for Punjab pspcl forms. Link:https:/media/pdf/10007/PCL-LT-_AP_-1-B-APPLICATION-AND-AGREEMENT-_A-A_-FORM.pdf. Error is: TypeError: error sending request for url (https://media/pdf/10007/PCL-LT-_AP_-1-B-APPLICATION-AND-AGREEMENT-_A-A_-FORM.pdf)
2024-07-18 11:19:33 Error: Unable to safe pdf file for Punjab pspcl forms. Link:https:/media/pdf/10007/PCL-Requisition-REQUISITION-FORM-FOR-DEMAND-EXCEEDING-500-kVA.pdf. Error is: TypeError: error sending request for url (https://media/pdf/10007/PCL-Requisition-REQUISITION-FORM-FOR-DEMAND-EXCEEDING-500-kVA.pdf)
2024-07-18 11:19:33 Error: Unable to safe pdf file for Punjab pspcl forms. Link:https:/media/pdf/10007/PCL-HT-EHT-APPLICATION-AND-AGREEMENT-_A-A_-FORM-_HT-EHT-supply_.pdf. Error is: TypeError: error sending request for url (https://media/pdf/10007/PCL-HT-EHT-APPLICATION-AND-AGREEMENT-_A-A_-FORM-_HT-EHT-supply_.pdf)
2024-07-18 11:19:33 Error: Unable to safe pdf file for Punjab pspcl forms. Link:https:/media/pdf/10007/PCL-Agreement-DRAFT-AGREEMENT-FOR-SUPPLY-OF-ELECTRICITY-THROUGH-cluster-sub-stn_.pdf. Error is: TypeError: error sending request for url (https://media/pdf/10007/PCL-Agreement-DRAFT-AGREEMENT-FOR-SUPPLY-OF-ELECTRICITY-THROUGH-cluster-sub-stn_.pdf)
2024-07-18 11:19:34 Error: Unable to safe pdf file for Punjab pspcl forms. Link:https:/media/pdf/10007/PCL-SL-AGREEMENT-FOR-STREET-LIGHTING.pdf. Error is: TypeError: error sending request for url (https://media/pdf/10007/PCL-SL-AGREEMENT-FOR-STREET-LIGHTING.pdf)
2024-07-18 11:19:34 Error: Unable to safe pdf file for Punjab pspcl forms. Link:https:/media/pdf/10007/PCL-SL-S-SUPPLEMENTARY-AGREEMENT-FOR-STREET-LIGHTING.pdf. Error is: TypeError: error sending request for url (https://media/pdf/10007/PCL-SL-S-SUPPLEMENTARY-AGREEMENT-FOR-STREET-LIGHTING.pdf)
2024-07-18 11:19:34 Error: Unable to safe pdf file for Punjab pspcl forms. Link:https:/media/pdf/10007/PCL-demand-notice.pdf. Error is: TypeError: error sending request for url (https://media/pdf/10007/PCL-demand-notice.pdf)
2024-07-18 11:19:34 Error: Unable to safe pdf file for Punjab pspcl forms. Link:https:/media/pdf/10007/PCL-indeminty-bond.pdf. Error is: TypeError: error sending request for url (https://media/pdf/10007/PCL-indeminty-bond.pdf)
2024-07-18 11:19:34 Error: Unable to safe pdf file for Punjab pspcl forms. Link:https:/media/pdf/10007/VDS-features.pdf. Error is: TypeError: error sending request for url (https://media/pdf/10007/VDS-features.pdf)
2024-07-18 11:19:34 Error: Unable to safe pdf file for Punjab pspcl forms. Link:https:/media/pdf/10007/Power-Supply-Agreement-for-CPP.pdf. Error is: TypeError: error sending request for url (https://media/pdf/10007/Power-Supply-Agreement-for-CPP.pdf)
2024-07-18 11:19:34 Error: Unable to safe pdf file for Punjab pspcl forms. Link:https:/media/pdf/10007/pspcli.pdf. Error is: TypeError: error sending request for url (https://media/pdf/10007/pspcli.pdf)
2024-07-18 11:19:34 Error: Unable to safe pdf file for Punjab pspcl forms. Link:https:/media/pdf/10007/hrdata.pdf. Error is: TypeError: error sending request for url (https://media/pdf/10007/hrdata.pdf)
2024-07-18 11:19:34 Error: Unable to safe pdf file for Punjab pspcl forms. Link:https:/media/pdf/10007/performa_a_b_hr.pdf. Error is: TypeError: error sending request for url (https://media/pdf/10007/performa_a_b_hr.pdf)
2024-07-18 11:19:34 Error: Unable to safe pdf file for Punjab pspcl forms. Link:https:/media/pdf/10007/hra.pdf. Error is: TypeError: error sending request for url (https://media/pdf/10007/hra.pdf)
2024-07-18 11:19:34 Error: Unable to safe pdf file for Punjab pspcl forms. Link:https:/media/pdf/10007/final_gpf_payment.pdf. Error is: TypeError: error sending request for url (https://media/pdf/10007/final_gpf_payment.pdf)
2024-07-18 11:19:34 Error: Unable to safe pdf file for Punjab pspcl forms. Link:https:/media/pdf/10007/final_gpf.pdf. Error is: TypeError: error sending request for url (https://media/pdf/10007/final_gpf.pdf)
2024-07-18 11:19:34 Error: Unable to safe pdf file for Punjab pspcl forms. Link:https:/media/pdf/10007/gpf_adv.pdf. Error is: TypeError: error sending request for url (https://media/pdf/10007/gpf_adv.pdf)
2024-07-18 11:19:34 Error: Unable to safe pdf file for Punjab pspcl forms. Link:https:/media/pdf/10007/SubscriberRegistrationFormGovt03012023.pdf. Error is: TypeError: error sending request for url (https://media/pdf/10007/SubscriberRegistrationFormGovt03012023.pdf)
2024-07-18 11:19:34 Error: Unable to safe pdf file for Punjab pspcl forms. Link:https:/media/pdf/10007/inst_fill_pran.pdf. Error is: TypeError: error sending request for url (https://media/pdf/10007/inst_fill_pran.pdf)
2024-07-18 11:19:34 Error: Unable to safe pdf file for Punjab pspcl forms. Link:https:/media/pdf/10007/02.-Annexure-III-Additional-Nominees.pdf. Error is: TypeError: error sending request for url (https://media/pdf/10007/02.-Annexure-III-Additional-Nominees.pdf)
2024-07-18 11:19:34 Error: Unable to safe pdf file for Punjab pspcl forms. Link:https:/media/pdf/10007/03.-Instructions-Sheet.pdf. Error is: TypeError: error sending request for url (https://media/pdf/10007/03.-Instructions-Sheet.pdf)
2024-07-18 11:19:34 Error: Unable to safe pdf file for Punjab pspcl forms. Link:https:/media/pdf/10007/change_pran.pdf. Error is: TypeError: error sending request for url (https://media/pdf/10007/change_pran.pdf)
2024-07-18 11:19:34 Error: Unable to safe pdf file for Punjab pspcl forms. Link:https:/media/pdf/10007/pension_folio_5.xls. Error is: TypeError: error sending request for url (https://media/pdf/10007/pension_folio_5.xls)
2024-07-18 11:19:34 Error: Unable to safe pdf file for Punjab pspcl forms. Link:https:/media/pdf/10007/pension_folio_5.pdf. Error is: TypeError: error sending request for url (https://media/pdf/10007/pension_folio_5.pdf)
2024-07-18 11:19:34 Error: Unable to safe pdf file for Punjab pspcl forms. Link:https:/media/pdf/10007/Exit-from-NPS-Due-to-Premature-Exit-form.pdf. Error is: TypeError: error sending request for url (https://media/pdf/10007/Exit-from-NPS-Due-to-Premature-Exit-form.pdf)
2024-07-18 11:19:34 Error: Unable to safe pdf file for Punjab pspcl forms. Link:https:/media/pdf/10007/Exit-from-NPS-Due-to-Superannuation-and-Incapacitation.pdf. Error is: TypeError: error sending request for url (https://media/pdf/10007/Exit-from-NPS-Due-to-Superannuation-and-Incapacitation.pdf)
2024-07-18 11:19:34 Error: Unable to safe pdf file for Punjab pspcl forms. Link:https:/media/pdf/10007/WITHDRWAL-FORM-DEATH0001.pdf. Error is: TypeError: error sending request for url (https://media/pdf/10007/WITHDRWAL-FORM-DEATH0001.pdf)
2024-07-18 11:19:34 Error: Unable to safe pdf file for Punjab pspcl forms. Link:https:/media/pdf/10007/Annexure-_Additional-withdrawal-Details.pdf. Error is: TypeError: error sending request for url (https://media/pdf/10007/Annexure-_Additional-withdrawal-Details.pdf)
2024-07-18 11:19:34 Error: Unable to safe pdf file for Punjab pspcl forms. Link:https:/media/pdf/10007/PARTIAL-WITHDRAWAL-FORM.pdf. Error is: TypeError: error sending request for url (https://media/pdf/10007/PARTIAL-WITHDRAWAL-FORM.pdf)
2024-07-18 11:19:34 Error: Unable to safe pdf file for Punjab pspcl forms. Link:https:/media/pdf/10007/Inter-Sector-Shifting-ISS-Form-1.pdf. Error is: TypeError: error sending request for url (https://media/pdf/10007/Inter-Sector-Shifting-ISS-Form-1.pdf)
2024-07-18 11:19:34 Error: Unable to safe pdf file for Punjab pspcl forms. Link:https:/media/pdf/10007/GRATUITY-FORM-RETIREMENT-UNDER-NPS.pdf. Error is: TypeError: error sending request for url (https://media/pdf/10007/GRATUITY-FORM-RETIREMENT-UNDER-NPS.pdf)
2024-07-18 11:19:34 Error: Unable to safe pdf file for Punjab pspcl forms. Link:https:/media/pdf/10007/GRATUITY-FORM-DEATH-IN-SERVICE-UNDER-NPS.pdf. Error is: TypeError: error sending request for url (https://media/pdf/10007/GRATUITY-FORM-DEATH-IN-SERVICE-UNDER-NPS.pdf)
2024-07-18 11:19:34 Error: Unable to safe pdf file for Punjab pspcl forms. Link:https:/media/pdf/10007/letter.pdf. Error is: TypeError: error sending request for url (https://media/pdf/10007/letter.pdf)
2024-07-18 11:19:34 Error: Unable to safe pdf file for Punjab pspcl forms. Link:https:/media/pdf/10007/cash.xls. Error is: TypeError: error sending request for url (https://media/pdf/10007/cash.xls)
2024-07-18 11:19:34 Error: Unable to safe pdf file for Punjab pspcl forms. Link:https:/media/pdf/10007/pension.pdf. Error is: TypeError: error sending request for url (https://media/pdf/10007/pension.pdf)
2024-07-18 11:19:34 Error: Unable to safe pdf file for Punjab pspcl forms. Link:https:/media/pdf/10007/pension_65.pdf. Error is: TypeError: error sending request for url (https://media/pdf/10007/pension_65.pdf)
2024-07-18 11:19:34 Error: Unable to safe pdf file for Punjab pspcl forms. Link:https:/media/pdf/10007/commu.pdf. Error is: TypeError: error sending request for url (https://media/pdf/10007/commu.pdf)
2024-07-18 11:19:34 Error: Unable to safe pdf file for Punjab pspcl forms. Link:https:/media/pdf/10007/1-ACR-Proforma-ENGINERRING-OFFECERS.pdf. Error is: TypeError: error sending request for url (https://media/pdf/10007/1-ACR-Proforma-ENGINERRING-OFFECERS.pdf)
2024-07-18 11:19:34 Error: Unable to safe pdf file for Punjab pspcl forms. Link:https:/media/pdf/10007/secondACR-GENERAL-CADRE-OFFICERS.pdf. Error is: TypeError: error sending request for url (https://media/pdf/10007/secondACR-GENERAL-CADRE-OFFICERS.pdf)
2024-07-18 11:19:34 Error: Unable to safe pdf file for Punjab pspcl forms. Link:https:/media/pdf/10007/acr-naz.pdf. Error is: TypeError: error sending request for url (https://media/pdf/10007/acr-naz.pdf)
2024-07-18 11:19:34 Error: Unable to safe pdf file for Punjab pspcl forms. Link:https:/media/pdf/10007/ACR329092022.pdf. Error is: TypeError: error sending request for url (https://media/pdf/10007/ACR329092022.pdf)
2024-07-18 11:19:34 Error: Unable to safe pdf file for Punjab pspcl forms. Link:https:/media/pdf/10007/acr-tech_estt.pdf. Error is: TypeError: error sending request for url (https://media/pdf/10007/acr-tech_estt.pdf)
2024-07-18 11:19:34 Error: Unable to safe pdf file for Punjab pspcl forms. Link:https:/media/pdf/10007/ACR429092022.pdf. Error is: TypeError: error sending request for url (https://media/pdf/10007/ACR429092022.pdf)
2024-07-18 11:19:34 Error: Unable to safe pdf file for Punjab pspcl forms. Link:https:/media/pdf/10007/acr-draw_estt.pdf. Error is: TypeError: error sending request for url (https://media/pdf/10007/acr-draw_estt.pdf)
2024-07-18 11:19:34 Error: Unable to safe pdf file for Punjab pspcl forms. Link:https:/media/pdf/10007/ACR529092022.pdf. Error is: TypeError: error sending request for url (https://media/pdf/10007/ACR529092022.pdf)
2024-07-18 11:19:34 Error: Unable to safe pdf file for Punjab pspcl forms. Link:https:/media/pdf/10007/acr-iv.pdf. Error is: TypeError: error sending request for url (https://media/pdf/10007/acr-iv.pdf)
2024-07-18 11:19:34 Error: Unable to safe pdf file for Punjab pspcl forms. Link:https:/media/pdf/10007/acr-driver.pdf. Error is: TypeError: error sending request for url (https://media/pdf/10007/acr-driver.pdf)
2024-07-18 11:19:34 Error: Unable to safe pdf file for Punjab pspcl forms. Link:https:/media/pdf/10007/ACR729092022.pdf. Error is: TypeError: error sending request for url (https://media/pdf/10007/ACR729092022.pdf)
2024-07-18 11:19:34 Error: Unable to safe pdf file for Punjab pspcl forms. Link:https:/media/pdf/10007/8-ACR-ACCOUNTS-AUDIT-OFFICERS.pdf. Error is: TypeError: error sending request for url (https://media/pdf/10007/8-ACR-ACCOUNTS-AUDIT-OFFICERS.pdf)
2024-07-18 11:19:34 Error: Unable to safe pdf file for Punjab pspcl forms. Link:https:/media/pdf/10007/car_sas_acco.pdf. Error is: TypeError: error sending request for url (https://media/pdf/10007/car_sas_acco.pdf)
2024-07-18 11:19:34 Error: Unable to safe pdf file for Punjab pspcl forms. Link:https:/media/pdf/10007/ACR929092022.pdf. Error is: TypeError: error sending request for url (https://media/pdf/10007/ACR929092022.pdf)
2024-07-18 11:19:34 Error: Unable to safe pdf file for Punjab pspcl forms. Link:https:/media/pdf/10007/car_ara_ra.pdf. Error is: TypeError: error sending request for url (https://media/pdf/10007/car_ara_ra.pdf)
2024-07-18 11:19:34 Error: Unable to safe pdf file for Punjab pspcl forms. Link:https:/media/pdf/10007/ACR1029092022.pdf. Error is: TypeError: error sending request for url (https://media/pdf/10007/ACR1029092022.pdf)
2024-07-18 11:19:34 Error: Unable to safe pdf file for Punjab pspcl forms. Link:https:/media/pdf/10007/car_jun_engg.pdf. Error is: TypeError: error sending request for url (https://media/pdf/10007/car_jun_engg.pdf)
2024-07-18 11:19:34 Error: Unable to safe pdf file for Punjab pspcl forms. Link:https:/media/pdf/10007/ACR1129092022.pdf. Error is: TypeError: error sending request for url (https://media/pdf/10007/ACR1129092022.pdf)
2024-07-18 11:19:34 Error: Unable to safe pdf file for Punjab pspcl forms. Link:https:/media/pdf/10007/car_sso_ssa.pdf. Error is: TypeError: error sending request for url (https://media/pdf/10007/car_sso_ssa.pdf)
2024-07-18 11:19:34 Error: Unable to safe pdf file for Punjab pspcl forms. Link:https:/media/pdf/10007/ACR1229092022.pdf. Error is: TypeError: error sending request for url (https://media/pdf/10007/ACR1229092022.pdf)
2024-07-18 11:19:34 Error: Unable to safe pdf file for Punjab pspcl forms. Link:https:/media/pdf/10007/property.pdf. Error is: TypeError: error sending request for url (https://media/pdf/10007/property.pdf)
2024-07-18 11:19:34 Error: Unable to safe pdf file for Punjab pspcl forms. Link:https:/media/pdf/10007/compassionate_solatium.pdf. Error is: TypeError: error sending request for url (https://media/pdf/10007/compassionate_solatium.pdf)
2024-07-18 11:19:34 Error: Unable to safe pdf file for Punjab pspcl forms. Link:https:/media/pdf/10007/earned_leave_prof.pdf. Error is: TypeError: error sending request for url (https://media/pdf/10007/earned_leave_prof.pdf)
2024-07-18 11:19:34 Error: Unable to safe pdf file for Punjab pspcl forms. Link:https:/media/pdf/10007/requisition_vehicle-1.pdf. Error is: TypeError: error sending request for url (https://media/pdf/10007/requisition_vehicle-1.pdf)
2024-07-18 11:19:34 Error: Unable to safe pdf file for Punjab pspcl forms. Link:https:/media/pdf/10007/undertaking_mobile_lan_ph_bill.pdf. Error is: TypeError: error sending request for url (https://media/pdf/10007/undertaking_mobile_lan_ph_bill.pdf)
2024-07-18 11:19:34 Error: Unable to safe pdf file for Punjab pspcl forms. Link:https:/media/pdf/10007/Elec.-Concession-Format-1.pdf. Error is: TypeError: error sending request for url (https://media/pdf/10007/Elec.-Concession-Format-1.pdf)
2024-07-18 11:19:34 Error: Unable to safe pdf file for Punjab pspcl forms. Link:https:/media/pdf/10007/OPTION-FORM-UNDERTAKING.pdf. Error is: TypeError: error sending request for url (https://media/pdf/10007/OPTION-FORM-UNDERTAKING.pdf)
2024-07-18 11:19:34 Error: Unable to safe pdf file for Punjab pspcl forms. Link:https:/media/pdf/10007/pspcli.pdf. Error is: TypeError: error sending request for url (https://media/pdf/10007/pspcli.pdf)
2024-07-18 11:19:34 Error: Unable to safe pdf file for Punjab pspcl forms. Link:https:/media/pdf/10007/hr_pensioners.pdf. Error is: TypeError: error sending request for url (https://media/pdf/10007/hr_pensioners.pdf)
2024-07-18 11:19:34 Error: Unable to safe pdf file for Punjab pspcl forms. Link:https:/media/pdf/10007/gen.pdf. Error is: TypeError: error sending request for url (https://media/pdf/10007/gen.pdf)
2024-07-18 11:19:34 Error: Unable to safe pdf file for Punjab pspcl forms. Link:https:/media/pdf/10007/fill.pdf. Error is: TypeError: error sending request for url (https://media/pdf/10007/fill.pdf)
2024-07-18 11:19:34 Error: Unable to safe pdf file for Punjab pspcl forms. Link:https:/media/pdf/10007/Pension_forms270920222.pdf. Error is: TypeError: error sending request for url (https://media/pdf/10007/Pension_forms270920222.pdf)
2024-07-18 11:19:34 Error: Unable to safe pdf file for Punjab pspcl forms. Link:https:/media/pdf/10007/deathr.pdf. Error is: TypeError: error sending request for url (https://media/pdf/10007/deathr.pdf)
2024-07-18 11:19:34 Error: Unable to safe pdf file for Punjab pspcl forms. Link:https:/media/pdf/10007/deathe.pdf. Error is: TypeError: error sending request for url (https://media/pdf/10007/deathe.pdf)
2024-07-18 11:19:34 Error: Unable to safe pdf file for Punjab pspcl forms. Link:https:/pdfs/twenty-twentytwo/04/Lifecertificate202425.pdf. Error is: TypeError: error sending request for url (https://pdfs/twenty-twentytwo/04/Lifecertificate202425.pdf)
2024-07-18 11:19:34 Error: Unable to safe pdf file for Punjab pspcl forms. Link:https:/media/pdf/10007/Exgrotia_Grant_form.pdf. Error is: TypeError: error sending request for url (https://media/pdf/10007/Exgrotia_Grant_form.pdf)
2024-07-18 11:19:34 Error: Unable to safe pdf file for Punjab pspcl forms. Link:https:/media/pdf/10007/pen-form-hod.pdf. Error is: TypeError: error sending request for url (https://media/pdf/10007/pen-form-hod.pdf)
2024-07-18 11:19:34 Error: Unable to safe pdf file for Punjab pspcl forms. Link:https:/media/pdf/10007/family-pension-instructions.docx. Error is: TypeError: error sending request for url (https://media/pdf/10007/family-pension-instructions.docx)
2024-07-18 11:19:34 Error: Unable to safe pdf file for Punjab pspcl forms. Link:https:/media/pdf/10007/INSTRUCTIONS.pdf. Error is: TypeError: error sending request for url (https://media/pdf/10007/INSTRUCTIONS.pdf)
2024-07-18 11:19:34 Error: Unable to safe pdf file for Punjab pspcl forms. Link:https:/media/pdf/10007/Blank_form_for_NPS_Family_Pension.pdf. Error is: TypeError: error sending request for url (https://media/pdf/10007/Blank_form_for_NPS_Family_Pension.pdf)
2024-07-18 11:21:49 Error: Unable to safe pdf file for Punjab pspcl forms. Link:https:/media/pdf/10007/user_datasheet.pdf. Error is: TypeError: error sending request for url (https://media/pdf/10007/user_datasheet.pdf)
2024-07-18 11:21:49 Error: Unable to safe pdf file for Punjab pspcl forms. Link:https:/media/pdf/10007/PCL-LT-1-APPLICATION-AND-AGREEMENT-_A-A_-FORM.pdf. Error is: TypeError: error sending request for url (https://media/pdf/10007/PCL-LT-1-APPLICATION-AND-AGREEMENT-_A-A_-FORM.pdf)
2024-07-18 11:21:49 Error: Unable to safe pdf file for Punjab pspcl forms. Link:https:/media/pdf/10007/PCL-LT-_DS-20-kW_-1A-APPLICATION-AND-AGREEMENT-_A-A_-FORM.pdf. Error is: TypeError: error sending request for url (https://media/pdf/10007/PCL-LT-_DS-20-kW_-1A-APPLICATION-AND-AGREEMENT-_A-A_-FORM.pdf)
2024-07-18 11:21:49 Error: Unable to safe pdf file for Punjab pspcl forms. Link:https:/media/pdf/10007/PCL-LT-_AP_-1-B-APPLICATION-AND-AGREEMENT-_A-A_-FORM.pdf. Error is: TypeError: error sending request for url (https://media/pdf/10007/PCL-LT-_AP_-1-B-APPLICATION-AND-AGREEMENT-_A-A_-FORM.pdf)
2024-07-18 11:21:49 Error: Unable to safe pdf file for Punjab pspcl forms. Link:https:/media/pdf/10007/PCL-Requisition-REQUISITION-FORM-FOR-DEMAND-EXCEEDING-500-kVA.pdf. Error is: TypeError: error sending request for url (https://media/pdf/10007/PCL-Requisition-REQUISITION-FORM-FOR-DEMAND-EXCEEDING-500-kVA.pdf)
2024-07-18 11:21:49 Error: Unable to safe pdf file for Punjab pspcl forms. Link:https:/media/pdf/10007/PCL-HT-EHT-APPLICATION-AND-AGREEMENT-_A-A_-FORM-_HT-EHT-supply_.pdf. Error is: TypeError: error sending request for url (https://media/pdf/10007/PCL-HT-EHT-APPLICATION-AND-AGREEMENT-_A-A_-FORM-_HT-EHT-supply_.pdf)
2024-07-18 11:21:49 Error: Unable to safe pdf file for Punjab pspcl forms. Link:https:/media/pdf/10007/PCL-Agreement-DRAFT-AGREEMENT-FOR-SUPPLY-OF-ELECTRICITY-THROUGH-cluster-sub-stn_.pdf. Error is: TypeError: error sending request for url (https://media/pdf/10007/PCL-Agreement-DRAFT-AGREEMENT-FOR-SUPPLY-OF-ELECTRICITY-THROUGH-cluster-sub-stn_.pdf)
2024-07-18 11:21:49 Error: Unable to safe pdf file for Punjab pspcl forms. Link:https:/media/pdf/10007/PCL-SL-AGREEMENT-FOR-STREET-LIGHTING.pdf. Error is: TypeError: error sending request for url (https://media/pdf/10007/PCL-SL-AGREEMENT-FOR-STREET-LIGHTING.pdf)
2024-07-18 11:21:49 Error: Unable to safe pdf file for Punjab pspcl forms. Link:https:/media/pdf/10007/PCL-SL-S-SUPPLEMENTARY-AGREEMENT-FOR-STREET-LIGHTING.pdf. Error is: TypeError: error sending request for url (https://media/pdf/10007/PCL-SL-S-SUPPLEMENTARY-AGREEMENT-FOR-STREET-LIGHTING.pdf)
2024-07-18 11:21:49 Error: Unable to safe pdf file for Punjab pspcl forms. Link:https:/media/pdf/10007/PCL-demand-notice.pdf. Error is: TypeError: error sending request for url (https://media/pdf/10007/PCL-demand-notice.pdf)
2024-07-18 11:21:49 Error: Unable to safe pdf file for Punjab pspcl forms. Link:https:/media/pdf/10007/PCL-indeminty-bond.pdf. Error is: TypeError: error sending request for url (https://media/pdf/10007/PCL-indeminty-bond.pdf)
2024-07-18 11:21:49 Error: Unable to safe pdf file for Punjab pspcl forms. Link:https:/media/pdf/10007/VDS-features.pdf. Error is: TypeError: error sending request for url (https://media/pdf/10007/VDS-features.pdf)
2024-07-18 11:21:49 Error: Unable to safe pdf file for Punjab pspcl forms. Link:https:/media/pdf/10007/Power-Supply-Agreement-for-CPP.pdf. Error is: TypeError: error sending request for url (https://media/pdf/10007/Power-Supply-Agreement-for-CPP.pdf)
2024-07-18 11:21:49 Error: Unable to safe pdf file for Punjab pspcl forms. Link:https:/media/pdf/10007/pspcli.pdf. Error is: TypeError: error sending request for url (https://media/pdf/10007/pspcli.pdf)
2024-07-18 11:21:49 Error: Unable to safe pdf file for Punjab pspcl forms. Link:https:/media/pdf/10007/hrdata.pdf. Error is: TypeError: error sending request for url (https://media/pdf/10007/hrdata.pdf)
2024-07-18 11:21:49 Error: Unable to safe pdf file for Punjab pspcl forms. Link:https:/media/pdf/10007/performa_a_b_hr.pdf. Error is: TypeError: error sending request for url (https://media/pdf/10007/performa_a_b_hr.pdf)
2024-07-18 11:21:49 Error: Unable to safe pdf file for Punjab pspcl forms. Link:https:/media/pdf/10007/hra.pdf. Error is: TypeError: error sending request for url (https://media/pdf/10007/hra.pdf)
2024-07-18 11:21:49 Error: Unable to safe pdf file for Punjab pspcl forms. Link:https:/media/pdf/10007/final_gpf_payment.pdf. Error is: TypeError: error sending request for url (https://media/pdf/10007/final_gpf_payment.pdf)
2024-07-18 11:21:49 Error: Unable to safe pdf file for Punjab pspcl forms. Link:https:/media/pdf/10007/final_gpf.pdf. Error is: TypeError: error sending request for url (https://media/pdf/10007/final_gpf.pdf)
2024-07-18 11:21:49 Error: Unable to safe pdf file for Punjab pspcl forms. Link:https:/media/pdf/10007/gpf_adv.pdf. Error is: TypeError: error sending request for url (https://media/pdf/10007/gpf_adv.pdf)
2024-07-18 11:21:49 Error: Unable to safe pdf file for Punjab pspcl forms. Link:https:/media/pdf/10007/SubscriberRegistrationFormGovt03012023.pdf. Error is: TypeError: error sending request for url (https://media/pdf/10007/SubscriberRegistrationFormGovt03012023.pdf)
2024-07-18 11:21:49 Error: Unable to safe pdf file for Punjab pspcl forms. Link:https:/media/pdf/10007/inst_fill_pran.pdf. Error is: TypeError: error sending request for url (https://media/pdf/10007/inst_fill_pran.pdf)
2024-07-18 11:21:49 Error: Unable to safe pdf file for Punjab pspcl forms. Link:https:/media/pdf/10007/02.-Annexure-III-Additional-Nominees.pdf. Error is: TypeError: error sending request for url (https://media/pdf/10007/02.-Annexure-III-Additional-Nominees.pdf)
2024-07-18 11:21:49 Error: Unable to safe pdf file for Punjab pspcl forms. Link:https:/media/pdf/10007/03.-Instructions-Sheet.pdf. Error is: TypeError: error sending request for url (https://media/pdf/10007/03.-Instructions-Sheet.pdf)
2024-07-18 11:21:49 Error: Unable to safe pdf file for Punjab pspcl forms. Link:https:/media/pdf/10007/change_pran.pdf. Error is: TypeError: error sending request for url (https://media/pdf/10007/change_pran.pdf)
2024-07-18 11:21:49 Error: Unable to safe pdf file for Punjab pspcl forms. Link:https:/media/pdf/10007/pension_folio_5.xls. Error is: TypeError: error sending request for url (https://media/pdf/10007/pension_folio_5.xls)
2024-07-18 11:21:49 Error: Unable to safe pdf file for Punjab pspcl forms. Link:https:/media/pdf/10007/pension_folio_5.pdf. Error is: TypeError: error sending request for url (https://media/pdf/10007/pension_folio_5.pdf)
2024-07-18 11:21:49 Error: Unable to safe pdf file for Punjab pspcl forms. Link:https:/media/pdf/10007/Exit-from-NPS-Due-to-Premature-Exit-form.pdf. Error is: TypeError: error sending request for url (https://media/pdf/10007/Exit-from-NPS-Due-to-Premature-Exit-form.pdf)
2024-07-18 11:21:49 Error: Unable to safe pdf file for Punjab pspcl forms. Link:https:/media/pdf/10007/Exit-from-NPS-Due-to-Superannuation-and-Incapacitation.pdf. Error is: TypeError: error sending request for url (https://media/pdf/10007/Exit-from-NPS-Due-to-Superannuation-and-Incapacitation.pdf)
2024-07-18 11:21:49 Error: Unable to safe pdf file for Punjab pspcl forms. Link:https:/media/pdf/10007/WITHDRWAL-FORM-DEATH0001.pdf. Error is: TypeError: error sending request for url (https://media/pdf/10007/WITHDRWAL-FORM-DEATH0001.pdf)
2024-07-18 11:21:49 Error: Unable to safe pdf file for Punjab pspcl forms. Link:https:/media/pdf/10007/Annexure-_Additional-withdrawal-Details.pdf. Error is: TypeError: error sending request for url (https://media/pdf/10007/Annexure-_Additional-withdrawal-Details.pdf)
2024-07-18 11:21:49 Error: Unable to safe pdf file for Punjab pspcl forms. Link:https:/media/pdf/10007/PARTIAL-WITHDRAWAL-FORM.pdf. Error is: TypeError: error sending request for url (https://media/pdf/10007/PARTIAL-WITHDRAWAL-FORM.pdf)
2024-07-18 11:21:49 Error: Unable to safe pdf file for Punjab pspcl forms. Link:https:/media/pdf/10007/Inter-Sector-Shifting-ISS-Form-1.pdf. Error is: TypeError: error sending request for url (https://media/pdf/10007/Inter-Sector-Shifting-ISS-Form-1.pdf)
2024-07-18 11:21:49 Error: Unable to safe pdf file for Punjab pspcl forms. Link:https:/media/pdf/10007/GRATUITY-FORM-RETIREMENT-UNDER-NPS.pdf. Error is: TypeError: error sending request for url (https://media/pdf/10007/GRATUITY-FORM-RETIREMENT-UNDER-NPS.pdf)
2024-07-18 11:21:49 Error: Unable to safe pdf file for Punjab pspcl forms. Link:https:/media/pdf/10007/GRATUITY-FORM-DEATH-IN-SERVICE-UNDER-NPS.pdf. Error is: TypeError: error sending request for url (https://media/pdf/10007/GRATUITY-FORM-DEATH-IN-SERVICE-UNDER-NPS.pdf)
2024-07-18 11:21:49 Error: Unable to safe pdf file for Punjab pspcl forms. Link:https:/media/pdf/10007/letter.pdf. Error is: TypeError: error sending request for url (https://media/pdf/10007/letter.pdf)
2024-07-18 11:21:49 Error: Unable to safe pdf file for Punjab pspcl forms. Link:https:/media/pdf/10007/cash.xls. Error is: TypeError: error sending request for url (https://media/pdf/10007/cash.xls)
2024-07-18 11:21:49 Error: Unable to safe pdf file for Punjab pspcl forms. Link:https:/media/pdf/10007/pension.pdf. Error is: TypeError: error sending request for url (https://media/pdf/10007/pension.pdf)
2024-07-18 11:21:49 Error: Unable to safe pdf file for Punjab pspcl forms. Link:https:/media/pdf/10007/pension_65.pdf. Error is: TypeError: error sending request for url (https://media/pdf/10007/pension_65.pdf)
2024-07-18 11:21:49 Error: Unable to safe pdf file for Punjab pspcl forms. Link:https:/media/pdf/10007/commu.pdf. Error is: TypeError: error sending request for url (https://media/pdf/10007/commu.pdf)
2024-07-18 11:21:49 Error: Unable to safe pdf file for Punjab pspcl forms. Link:https:/media/pdf/10007/1-ACR-Proforma-ENGINERRING-OFFECERS.pdf. Error is: TypeError: error sending request for url (https://media/pdf/10007/1-ACR-Proforma-ENGINERRING-OFFECERS.pdf)
2024-07-18 11:21:49 Error: Unable to safe pdf file for Punjab pspcl forms. Link:https:/media/pdf/10007/secondACR-GENERAL-CADRE-OFFICERS.pdf. Error is: TypeError: error sending request for url (https://media/pdf/10007/secondACR-GENERAL-CADRE-OFFICERS.pdf)
2024-07-18 11:21:49 Error: Unable to safe pdf file for Punjab pspcl forms. Link:https:/media/pdf/10007/acr-naz.pdf. Error is: TypeError: error sending request for url (https://media/pdf/10007/acr-naz.pdf)
2024-07-18 11:21:49 Error: Unable to safe pdf file for Punjab pspcl forms. Link:https:/media/pdf/10007/ACR329092022.pdf. Error is: TypeError: error sending request for url (https://media/pdf/10007/ACR329092022.pdf)
2024-07-18 11:21:49 Error: Unable to safe pdf file for Punjab pspcl forms. Link:https:/media/pdf/10007/acr-tech_estt.pdf. Error is: TypeError: error sending request for url (https://media/pdf/10007/acr-tech_estt.pdf)
2024-07-18 11:21:49 Error: Unable to safe pdf file for Punjab pspcl forms. Link:https:/media/pdf/10007/ACR429092022.pdf. Error is: TypeError: error sending request for url (https://media/pdf/10007/ACR429092022.pdf)
2024-07-18 11:21:49 Error: Unable to safe pdf file for Punjab pspcl forms. Link:https:/media/pdf/10007/acr-draw_estt.pdf. Error is: TypeError: error sending request for url (https://media/pdf/10007/acr-draw_estt.pdf)
2024-07-18 11:21:49 Error: Unable to safe pdf file for Punjab pspcl forms. Link:https:/media/pdf/10007/ACR529092022.pdf. Error is: TypeError: error sending request for url (https://media/pdf/10007/ACR529092022.pdf)
2024-07-18 11:21:49 Error: Unable to safe pdf file for Punjab pspcl forms. Link:https:/media/pdf/10007/acr-iv.pdf. Error is: TypeError: error sending request for url (https://media/pdf/10007/acr-iv.pdf)
2024-07-18 11:21:49 Error: Unable to safe pdf file for Punjab pspcl forms. Link:https:/media/pdf/10007/acr-driver.pdf. Error is: TypeError: error sending request for url (https://media/pdf/10007/acr-driver.pdf)
2024-07-18 11:21:49 Error: Unable to safe pdf file for Punjab pspcl forms. Link:https:/media/pdf/10007/ACR729092022.pdf. Error is: TypeError: error sending request for url (https://media/pdf/10007/ACR729092022.pdf)
2024-07-18 11:21:49 Error: Unable to safe pdf file for Punjab pspcl forms. Link:https:/media/pdf/10007/8-ACR-ACCOUNTS-AUDIT-OFFICERS.pdf. Error is: TypeError: error sending request for url (https://media/pdf/10007/8-ACR-ACCOUNTS-AUDIT-OFFICERS.pdf)
2024-07-18 11:21:49 Error: Unable to safe pdf file for Punjab pspcl forms. Link:https:/media/pdf/10007/car_sas_acco.pdf. Error is: TypeError: error sending request for url (https://media/pdf/10007/car_sas_acco.pdf)
2024-07-18 11:21:50 Error: Unable to safe pdf file for Punjab pspcl forms. Link:https:/media/pdf/10007/ACR929092022.pdf. Error is: TypeError: error sending request for url (https://media/pdf/10007/ACR929092022.pdf)
2024-07-18 11:21:50 Error: Unable to safe pdf file for Punjab pspcl forms. Link:https:/media/pdf/10007/car_ara_ra.pdf. Error is: TypeError: error sending request for url (https://media/pdf/10007/car_ara_ra.pdf)
2024-07-18 11:21:50 Error: Unable to safe pdf file for Punjab pspcl forms. Link:https:/media/pdf/10007/ACR1029092022.pdf. Error is: TypeError: error sending request for url (https://media/pdf/10007/ACR1029092022.pdf)
2024-07-18 11:21:50 Error: Unable to safe pdf file for Punjab pspcl forms. Link:https:/media/pdf/10007/car_jun_engg.pdf. Error is: TypeError: error sending request for url (https://media/pdf/10007/car_jun_engg.pdf)
2024-07-18 11:21:50 Error: Unable to safe pdf file for Punjab pspcl forms. Link:https:/media/pdf/10007/ACR1129092022.pdf. Error is: TypeError: error sending request for url (https://media/pdf/10007/ACR1129092022.pdf)
2024-07-18 11:21:50 Error: Unable to safe pdf file for Punjab pspcl forms. Link:https:/media/pdf/10007/car_sso_ssa.pdf. Error is: TypeError: error sending request for url (https://media/pdf/10007/car_sso_ssa.pdf)
2024-07-18 11:21:50 Error: Unable to safe pdf file for Punjab pspcl forms. Link:https:/media/pdf/10007/ACR1229092022.pdf. Error is: TypeError: error sending request for url (https://media/pdf/10007/ACR1229092022.pdf)
2024-07-18 11:21:50 Error: Unable to safe pdf file for Punjab pspcl forms. Link:https:/media/pdf/10007/property.pdf. Error is: TypeError: error sending request for url (https://media/pdf/10007/property.pdf)
2024-07-18 11:21:50 Error: Unable to safe pdf file for Punjab pspcl forms. Link:https:/media/pdf/10007/compassionate_solatium.pdf. Error is: TypeError: error sending request for url (https://media/pdf/10007/compassionate_solatium.pdf)
2024-07-18 11:21:50 Error: Unable to safe pdf file for Punjab pspcl forms. Link:https:/media/pdf/10007/earned_leave_prof.pdf. Error is: TypeError: error sending request for url (https://media/pdf/10007/earned_leave_prof.pdf)
2024-07-18 11:21:50 Error: Unable to safe pdf file for Punjab pspcl forms. Link:https:/media/pdf/10007/requisition_vehicle-1.pdf. Error is: TypeError: error sending request for url (https://media/pdf/10007/requisition_vehicle-1.pdf)
2024-07-18 11:21:50 Error: Unable to safe pdf file for Punjab pspcl forms. Link:https:/media/pdf/10007/undertaking_mobile_lan_ph_bill.pdf. Error is: TypeError: error sending request for url (https://media/pdf/10007/undertaking_mobile_lan_ph_bill.pdf)
2024-07-18 11:21:50 Error: Unable to safe pdf file for Punjab pspcl forms. Link:https:/media/pdf/10007/Elec.-Concession-Format-1.pdf. Error is: TypeError: error sending request for url (https://media/pdf/10007/Elec.-Concession-Format-1.pdf)
2024-07-18 11:21:50 Error: Unable to safe pdf file for Punjab pspcl forms. Link:https:/media/pdf/10007/OPTION-FORM-UNDERTAKING.pdf. Error is: TypeError: error sending request for url (https://media/pdf/10007/OPTION-FORM-UNDERTAKING.pdf)
2024-07-18 11:21:50 Error: Unable to safe pdf file for Punjab pspcl forms. Link:https:/media/pdf/10007/pspcli.pdf. Error is: TypeError: error sending request for url (https://media/pdf/10007/pspcli.pdf)
2024-07-18 11:21:50 Error: Unable to safe pdf file for Punjab pspcl forms. Link:https:/media/pdf/10007/hr_pensioners.pdf. Error is: TypeError: error sending request for url (https://media/pdf/10007/hr_pensioners.pdf)
2024-07-18 11:21:50 Error: Unable to safe pdf file for Punjab pspcl forms. Link:https:/media/pdf/10007/gen.pdf. Error is: TypeError: error sending request for url (https://media/pdf/10007/gen.pdf)
2024-07-18 11:21:50 Error: Unable to safe pdf file for Punjab pspcl forms. Link:https:/media/pdf/10007/fill.pdf. Error is: TypeError: error sending request for url (https://media/pdf/10007/fill.pdf)
2024-07-18 11:21:50 Error: Unable to safe pdf file for Punjab pspcl forms. Link:https:/media/pdf/10007/Pension_forms270920222.pdf. Error is: TypeError: error sending request for url (https://media/pdf/10007/Pension_forms270920222.pdf)
2024-07-18 11:21:50 Error: Unable to safe pdf file for Punjab pspcl forms. Link:https:/media/pdf/10007/deathr.pdf. Error is: TypeError: error sending request for url (https://media/pdf/10007/deathr.pdf)
2024-07-18 11:21:50 Error: Unable to safe pdf file for Punjab pspcl forms. Link:https:/media/pdf/10007/deathe.pdf. Error is: TypeError: error sending request for url (https://media/pdf/10007/deathe.pdf)
2024-07-18 11:21:50 Error: Unable to safe pdf file for Punjab pspcl forms. Link:https:/pdfs/twenty-twentytwo/04/Lifecertificate202425.pdf. Error is: TypeError: error sending request for url (https://pdfs/twenty-twentytwo/04/Lifecertificate202425.pdf)
2024-07-18 11:21:50 Error: Unable to safe pdf file for Punjab pspcl forms. Link:https:/media/pdf/10007/Exgrotia_Grant_form.pdf. Error is: TypeError: error sending request for url (https://media/pdf/10007/Exgrotia_Grant_form.pdf)
2024-07-18 11:21:50 Error: Unable to safe pdf file for Punjab pspcl forms. Link:https:/media/pdf/10007/pen-form-hod.pdf. Error is: TypeError: error sending request for url (https://media/pdf/10007/pen-form-hod.pdf)
2024-07-18 11:21:50 Error: Unable to safe pdf file for Punjab pspcl forms. Link:https:/media/pdf/10007/family-pension-instructions.docx. Error is: TypeError: error sending request for url (https://media/pdf/10007/family-pension-instructions.docx)
2024-07-18 11:21:50 Error: Unable to safe pdf file for Punjab pspcl forms. Link:https:/media/pdf/10007/INSTRUCTIONS.pdf. Error is: TypeError: error sending request for url (https://media/pdf/10007/INSTRUCTIONS.pdf)
2024-07-18 11:21:50 Error: Unable to safe pdf file for Punjab pspcl forms. Link:https:/media/pdf/10007/Blank_form_for_NPS_Family_Pension.pdf. Error is: TypeError: error sending request for url (https://media/pdf/10007/Blank_form_for_NPS_Family_Pension.pdf)
2024-07-18 11:33:50 Error: Unable to fetch the file: https://psebfiles.s3.ap-south-1.amazonaws.com/media/1682068809_XII ਰਾਜਨੀਤੀ ਸ਼ਾਸਤਰ ਸਿਲੇਬਸ 2023-24.pdf
2024-07-18 11:37:03 Error: Unable to fetch the file: https://psebfiles.s3.ap-south-1.amazonaws.com/media/1654750165_ਕੰਪਿਊਟਰ ਸਾਇੰਸ -8th.pdf
2024-07-18 11:38:00 Error: Unable to fetch the file: https://psebfiles.s3.ap-south-1.amazonaws.com/media/1665141056_11th ਸਕੀਮ ਆਫ਼ ਸਟਡੀਜ 2022-23.pdf
2024-07-18 11:38:32 Error: Unable to fetch the file: https://psebfiles.s3.ap-south-1.amazonaws.com/media/1665141101_12th ਸਕੀਮ ਆਫ਼ ਸਟਡੀਜ 2022-23.pdf
2024-07-18 13:19:23 Error: Unable to get pdf file for link: 1665141056_11th_%E0%A8%B8%E0%A8%95%E0%A9%80%E0%A8%AE_%E0%A8%86%E0%A8%AB%E0%A8%BC_%E0%A8%B8%E0%A8%9F%E0%A8%A1%E0%A9%80%E0%A8%9C_2022-23.pdf and category: pseb. Error: NotFound: No such file or directory (os error 2): readfile '/Users/gurkiransinghrandhawa/Desktop/Forms/project/storeFiles/pb/pseb/1665141056_11th_%E0%A8%B8%E0%A8%95%E0%A9%80%E0%A8%AE_%E0%A8%86%E0%A8%AB%E0%A8%BC_%E0%A8%B8%E0%A8%9F%E0%A8%A1%E0%A9%80%E0%A8%9C_2022-23.pdf'
2024-07-20 13:19:13 Error: Unable to get form for selected category: general and title id: preview-form-modal-pb-simple. Error: CastError: Cast to ObjectId failed for value "preview-form-modal-pb-simple" (type string) at path "_id" for model "PbGeneral"
2024-07-20 13:19:19 Error: Unable to get form for selected category: general and title id: preview-form-modal-pb-simple. Error: CastError: Cast to ObjectId failed for value "preview-form-modal-pb-simple" (type string) at path "_id" for model "PbGeneral"
2024-07-20 13:20:31 Error: Unable to get form for selected category: general and title id: preview-form-modal-pb-simple. Error: CastError: Cast to ObjectId failed for value "preview-form-modal-pb-simple" (type string) at path "_id" for model "PbGeneral"
2024-07-20 13:23:36 Error: Unable to get form for selected category: general and title id: preview-form-modal-pb-simple. Error: CastError: Cast to ObjectId failed for value "preview-form-modal-pb-simple" (type string) at path "_id" for model "PbGeneral"
2024-07-20 13:25:56 Error: Unable to get form for selected category: general and title id: preview-form-modal-pb-simple. Error: CastError: Cast to ObjectId failed for value "preview-form-modal-pb-simple" (type string) at path "_id" for model "PbGeneral"
2024-07-20 14:01:47 Error: Unable to get form for selected category: general and title id: preview-form-modal-pb-simple. Error: CastError: Cast to ObjectId failed for value "preview-form-modal-pb-simple" (type string) at path "_id" for model "PbGeneral"
2024-07-20 14:05:12 Error: Unable to get form for selected category: general and title id: preview-form-modal-pb-simple. Error: CastError: Cast to ObjectId failed for value "preview-form-modal-pb-simple" (type string) at path "_id" for model "PbGeneral"
2024-07-20 14:06:35 Error: Unable to get form for selected category: general and title id: preview-form-modal-pb-simple. Error: CastError: Cast to ObjectId failed for value "preview-form-modal-pb-simple" (type string) at path "_id" for model "PbGeneral"
2024-07-20 14:06:37 Error: Unable to get form for selected category: general and title id: preview-form-modal-pb-simple. Error: CastError: Cast to ObjectId failed for value "preview-form-modal-pb-simple" (type string) at path "_id" for model "PbGeneral"
2024-07-20 14:07:09 Error: Unable to get form for selected category: general and title id: preview-form-modal-pb-simple. Error: CastError: Cast to ObjectId failed for value "preview-form-modal-pb-simple" (type string) at path "_id" for model "PbGeneral"
2024-07-20 14:13:39 Error: Unable to get form for selected category: general and title id: preview-form-modal-pb-simple. Error: CastError: Cast to ObjectId failed for value "preview-form-modal-pb-simple" (type string) at path "_id" for model "PbGeneral"
2024-07-20 14:19:09 Error: Unable to get form for selected category: general and title id: preview-form-modal-pb-simple. Error: CastError: Cast to ObjectId failed for value "preview-form-modal-pb-simple" (type string) at path "_id" for model "PbGeneral"
2024-07-20 14:19:45 Error: Unable to get form for selected category: general and title id: preview-form-modal-pb-simple. Error: CastError: Cast to ObjectId failed for value "preview-form-modal-pb-simple" (type string) at path "_id" for model "PbGeneral"
2024-07-21 13:39:39 Error: Unable to get pdf file for link: 1684389565_1676026613%E0%A8%AA%E0%A9%B0%E0%A8%9C%E0%A8%BE%E0%A8%AC_%E0%A8%B8%E0%A8%95%E0%A9%82%E0%A8%B2_%E0%A8%B8%E0%A8%B8%E0%A8%BF%E0%A9%B1%E0%A8%B8%E0%A8%BF%E0%A8%86_%E0%A8%AC%E0%A9%8B%E0%A8%B0%E0%A8%A1.pdf and category: pseb. Error: NotFound: No such file or directory (os error 2): readfile '/Users/gurkiransinghrandhawa/Desktop/Forms/project/storeFiles/pb/pseb/1684389565_1676026613%E0%A8%AA%E0%A9%B0%E0%A8%9C%E0%A8%BE%E0%A8%AC_%E0%A8%B8%E0%A8%95%E0%A9%82%E0%A8%B2_%E0%A8%B8%E0%A8%B8%E0%A8%BF%E0%A9%B1%E0%A8%B8%E0%A8%BF%E0%A8%86_%E0%A8%AC%E0%A9%8B%E0%A8%B0%E0%A8%A1.pdf'
2024-07-21 13:40:07 Error: Unable to get pdf file for link: 1684389565_1676026613%E0%A8%AA%E0%A9%B0%E0%A8%9C%E0%A8%BE%E0%A8%AC_%E0%A8%B8%E0%A8%95%E0%A9%82%E0%A8%B2_%E0%A8%B8%E0%A8%B8%E0%A8%BF%E0%A9%B1%E0%A8%B8%E0%A8%BF%E0%A8%86_%E0%A8%AC%E0%A9%8B%E0%A8%B0%E0%A8%A1.pdf and category: pseb. Error: NotFound: No such file or directory (os error 2): readfile '/Users/gurkiransinghrandhawa/Desktop/Forms/project/storeFiles/pb/pseb/1684389565_1676026613%E0%A8%AA%E0%A9%B0%E0%A8%9C%E0%A8%BE%E0%A8%AC_%E0%A8%B8%E0%A8%95%E0%A9%82%E0%A8%B2_%E0%A8%B8%E0%A8%B8%E0%A8%BF%E0%A9%B1%E0%A8%B8%E0%A8%BF%E0%A8%86_%E0%A8%AC%E0%A9%8B%E0%A8%B0%E0%A8%A1.pdf'
2024-07-21 13:42:23 Error: Unable to get pdf file for link: 1684389565_1676026613%E0%A8%AA%E0%A9%B0%E0%A8%9C%E0%A8%BE%E0%A8%AC_%E0%A8%B8%E0%A8%95%E0%A9%82%E0%A8%B2_%E0%A8%B8%E0%A8%B8%E0%A8%BF%E0%A9%B1%E0%A8%B8%E0%A8%BF%E0%A8%86_%E0%A8%AC%E0%A9%8B%E0%A8%B0%E0%A8%A1.pdf and category: pseb. Error: NotFound: No such file or directory (os error 2): readfile '/Users/gurkiransinghrandhawa/Desktop/Forms/project/storeFiles/pb/pseb/1684389565_1676026613%E0%A8%AA%E0%A9%B0%E0%A8%9C%E0%A8%BE%E0%A8%AC_%E0%A8%B8%E0%A8%95%E0%A9%82%E0%A8%B2_%E0%A8%B8%E0%A8%B8%E0%A8%BF%E0%A9%B1%E0%A8%B8%E0%A8%BF%E0%A8%86_%E0%A8%AC%E0%A9%8B%E0%A8%B0%E0%A8%A1.pdf'
2024-07-21 13:43:47 Error: Unable to get pdf file for link: 1684389565_1676026613%E0%A8%AA%E0%A9%B0%E0%A8%9C%E0%A8%BE%E0%A8%AC_%E0%A8%B8%E0%A8%95%E0%A9%82%E0%A8%B2_%E0%A8%B8%E0%A8%B8%E0%A8%BF%E0%A9%B1%E0%A8%B8%E0%A8%BF%E0%A8%86_%E0%A8%AC%E0%A9%8B%E0%A8%B0%E0%A8%A1.pdf and category: pseb. Error: NotFound: No such file or directory (os error 2): readfile '/Users/gurkiransinghrandhawa/Desktop/Forms/project/storeFiles/pb/pseb/1684389565_1676026613%E0%A8%AA%E0%A9%B0%E0%A8%9C%E0%A8%BE%E0%A8%AC_%E0%A8%B8%E0%A8%95%E0%A9%82%E0%A8%B2_%E0%A8%B8%E0%A8%B8%E0%A8%BF%E0%A9%B1%E0%A8%B8%E0%A8%BF%E0%A8%86_%E0%A8%AC%E0%A9%8B%E0%A8%B0%E0%A8%A1.pdf'
