2024-07-21 16:44:14 Error: Unable to safe pdf file for Punjab General for
2024-07-23 11:56:24 Error: unable to fetch pb transport forms Promise { <pending> }
2024-07-23 12:03:17 Error: Unable to fetch the file: http://punjabtransport.org/form46.pdf
2024-07-23 12:03:18 Error: Unable to fetch the file: http://punjabtransport.org/form48.pdf
2024-07-23 12:07:08 Error: Unable to fetch the file: http://punjabtransport.org/form46.pdf
2024-07-23 12:07:09 Error: Unable to fetch the file: http://punjabtransport.org/form48.pdf
2024-07-23 12:08:31 Error: Unable to fetch the file: http://punjabtransport.org/form46.pdf
2024-07-23 12:08:32 Error: Unable to fetch the file: http://punjabtransport.org/form48.pdf
2024-07-23 12:10:01 Error: Unable to get pdf file for link: form48.pdf and category: transport. Error: NotFound: No such file or directory (os error 2): readfile '/Users/gurkiransinghrandhawa/Desktop/Forms/project/storeFiles/pb/transport/form48.pdf'
2024-07-23 12:14:19 Error: Unable to fetch the file: http://punjabtransport.org/form46.pdf
2024-07-23 12:14:20 Error: Unable to fetch the file: http://punjabtransport.org/form48.pdf
2024-07-23 12:39:54 Error: Unable to safe pdf file for Punjab medical council forms. Link:https://punjabmedicalcouncil.in/wp-content/uploads/2023/10/CME-Fee-1.pdf. Error is: NotFound: No such file or directory (os error 2): open '/Users/gurkiransinghrandhawa/Desktop/Forms/project/storeFiles/pb/medical-council/CME-Fee-1.pdf'
2024-07-23 12:39:55 Error: Unable to safe pdf file for Punjab medical council forms. Link:https://punjabmedicalcouncil.in/wp-content/uploads/2023/10/CamScanner-10-27-2023-14.14.pdf. Error is: NotFound: No such file or directory (os error 2): open '/Users/gurkiransinghrandhawa/Desktop/Forms/project/storeFiles/pb/medical-council/CamScanner-10-27-2023-14.14.pdf'
2024-07-23 12:39:55 Error: Unable to safe pdf file for Punjab medical council forms. Link:https://punjabmedicalcouncil.in/wp-content/uploads/2023/08/PMC_PUBLIC_NOTICE_QRCODE-1.pdf. Error is: NotFound: No such file or directory (os error 2): open '/Users/gurkiransinghrandhawa/Desktop/Forms/project/storeFiles/pb/medical-council/PMC_PUBLIC_NOTICE_QRCODE-1.pdf'
2024-07-23 12:39:56 Error: Unable to safe pdf file for Punjab medical council forms. Link:https://punjabmedicalcouncil.in/wp-content/uploads/2023/08/New-doc-Aug-7-2023-16.08.pdf. Error is: NotFound: No such file or directory (os error 2): open '/Users/gurkiransinghrandhawa/Desktop/Forms/project/storeFiles/pb/medical-council/New-doc-Aug-7-2023-16.08.pdf'
2024-07-23 12:39:56 Error: Unable to safe pdf file for Punjab medical council forms. Link:https://punjabmedicalcouncil.in/wp-content/uploads/2023/07/CamScanner-07-05-2023-11.31.pdf. Error is: NotFound: No such file or directory (os error 2): open '/Users/gurkiransinghrandhawa/Desktop/Forms/project/storeFiles/pb/medical-council/CamScanner-07-05-2023-11.31.pdf'
2024-07-23 12:39:56 Error: Unable to safe pdf file for Punjab medical council forms. Link:https://punjabmedicalcouncil.in/wp-content/uploads/2022/11/CamScanner-11-15-2022-15.53.pdf. Error is: NotFound: No such file or directory (os error 2): open '/Users/gurkiransinghrandhawa/Desktop/Forms/project/storeFiles/pb/medical-council/CamScanner-11-15-2022-15.53.pdf'
2024-07-23 12:39:56 Error: Unable to safe pdf file for Punjab medical council forms. Link:https://punjabmedicalcouncil.in/pmc/wp-content/uploads/2021/12/New-Checklist-on-10-12-2021.docx. Error is: NotFound: No such file or directory (os error 2): open '/Users/gurkiransinghrandhawa/Desktop/Forms/project/storeFiles/pb/medical-council/New-Checklist-on-10-12-2021.docx'
2024-07-23 12:39:57 Error: Unable to safe pdf file for Punjab medical council forms. Link:https://punjabmedicalcouncil.in/pmc/wp-content/uploads/2021/11/298952042add-issueApplication-form-for-filing-complaint.pdf. Error is: NotFound: No such file or directory (os error 2): open '/Users/gurkiransinghrandhawa/Desktop/Forms/project/storeFiles/pb/medical-council/298952042add-issueApplication-form-for-filing-complaint.pdf'
2024-07-23 12:39:57 Error: Unable to safe pdf file for Punjab medical council forms. Link:https://punjabmedicalcouncil.in/pmc/wp-content/uploads/2021/11/1632611325add-issueNotification-Regarding-Election-of-Punjab-Medical-Council-.pdf. Error is: NotFound: No such file or directory (os error 2): open '/Users/gurkiransinghrandhawa/Desktop/Forms/project/storeFiles/pb/medical-council/1632611325add-issueNotification-Regarding-Election-of-Punjab-Medical-Council-.pdf'
2024-07-23 12:39:58 Error: Unable to safe pdf file for Punjab medical council forms. Link:https://punjabmedicalcouncil.in/pmc/wp-content/uploads/2021/11/1075132696add-issueNew-Document21.pdf. Error is: NotFound: No such file or directory (os error 2): open '/Users/gurkiransinghrandhawa/Desktop/Forms/project/storeFiles/pb/medical-council/1075132696add-issueNew-Document21.pdf'
2024-07-23 12:39:58 Error: Unable to safe pdf file for Punjab medical council forms. Link:https://punjabmedicalcouncil.in/pmc/wp-content/uploads/2021/11/2048970626add-issueRegarding-Swach-Bharat.pdf. Error is: NotFound: No such file or directory (os error 2): open '/Users/gurkiransinghrandhawa/Desktop/Forms/project/storeFiles/pb/medical-council/2048970626add-issueRegarding-Swach-Bharat.pdf'
2024-07-23 12:39:58 Error: Unable to safe pdf file for Punjab medical council forms. Link:https://punjabmedicalcouncil.in/pmc/wp-content/uploads/2021/11/662621046add-issueCheck-list.pdf. Error is: NotFound: No such file or directory (os error 2): open '/Users/gurkiransinghrandhawa/Desktop/Forms/project/storeFiles/pb/medical-council/662621046add-issueCheck-list.pdf'
2024-07-23 12:39:59 Error: Unable to safe pdf file for Punjab medical council forms. Link:https://punjabmedicalcouncil.in/pmc/wp-content/uploads/2021/11/908148734add-issuePublic-Notice-1.pdf. Error is: NotFound: No such file or directory (os error 2): open '/Users/gurkiransinghrandhawa/Desktop/Forms/project/storeFiles/pb/medical-council/908148734add-issuePublic-Notice-1.pdf'
2024-07-23 12:39:59 Error: Unable to safe pdf file for Punjab medical council forms. Link:https://punjabmedicalcouncil.in/pmc/wp-content/uploads/2021/11/DocDec3120181-1.pdf. Error is: NotFound: No such file or directory (os error 2): open '/Users/gurkiransinghrandhawa/Desktop/Forms/project/storeFiles/pb/medical-council/DocDec3120181-1.pdf'
2024-07-23 12:40:00 Error: Unable to safe pdf file for Punjab medical council forms. Link:https://punjabmedicalcouncil.in/pmc/wp-content/uploads/2021/11/DocDec3120181.pdf. Error is: NotFound: No such file or directory (os error 2): open '/Users/gurkiransinghrandhawa/Desktop/Forms/project/storeFiles/pb/medical-council/DocDec3120181.pdf'
2024-07-23 12:40:00 Error: Unable to safe pdf file for Punjab medical council forms. Link:https://punjabmedicalcouncil.in/pmc/wp-content/uploads/2021/11/1550143049pdf_.pdf. Error is: NotFound: No such file or directory (os error 2): open '/Users/gurkiransinghrandhawa/Desktop/Forms/project/storeFiles/pb/medical-council/1550143049pdf_.pdf'
2024-07-23 12:40:00 Error: Unable to safe pdf file for Punjab medical council forms. Link:https://punjabmedicalcouncil.in/pmc/wp-content/uploads/2021/11/1595308581pdf_.pdf. Error is: NotFound: No such file or directory (os error 2): open '/Users/gurkiransinghrandhawa/Desktop/Forms/project/storeFiles/pb/medical-council/1595308581pdf_.pdf'
2024-07-23 12:40:00 Error: Unable to safe pdf file for Punjab medical council forms. Link:https://punjabmedicalcouncil.in/pmc/wp-content/uploads/2021/11/1595575505pdf_.pdf. Error is: NotFound: No such file or directory (os error 2): open '/Users/gurkiransinghrandhawa/Desktop/Forms/project/storeFiles/pb/medical-council/1595575505pdf_.pdf'
2024-07-23 12:40:01 Error: Unable to safe pdf file for Punjab medical council forms. Link:https://punjabmedicalcouncil.in/pmc/wp-content/uploads/2021/11/1602068172pdf_.pdf. Error is: NotFound: No such file or directory (os error 2): open '/Users/gurkiransinghrandhawa/Desktop/Forms/project/storeFiles/pb/medical-council/1602068172pdf_.pdf'
2024-07-23 12:40:01 Error: Unable to safe pdf file for Punjab medical council forms. Link:https://punjabmedicalcouncil.in/pmc/wp-content/uploads/2021/11/1615973853pdf_.pdf. Error is: NotFound: No such file or directory (os error 2): open '/Users/gurkiransinghrandhawa/Desktop/Forms/project/storeFiles/pb/medical-council/1615973853pdf_.pdf'
2024-07-23 12:40:01 Error: Unable to safe pdf file for Punjab medical council forms. Link:https://punjabmedicalcouncil.in/pmc/wp-content/uploads/2022/07/CamScanner-07-22-2022-16.07.pdf. Error is: NotFound: No such file or directory (os error 2): open '/Users/gurkiransinghrandhawa/Desktop/Forms/project/storeFiles/pb/medical-council/CamScanner-07-22-2022-16.07.pdf'
2024-07-23 12:40:02 Error: Unable to safe pdf file for Punjab medical council forms. Link:https://punjabmedicalcouncil.in/pmc/wp-content/uploads/2022/08/philippnes-fmg.pdf. Error is: NotFound: No such file or directory (os error 2): open '/Users/gurkiransinghrandhawa/Desktop/Forms/project/storeFiles/pb/medical-council/philippnes-fmg.pdf'
2024-07-23 12:40:02 Error: Unable to safe pdf file for Punjab medical council forms. Link:https://punjabmedicalcouncil.in/pmc/wp-content/uploads/2022/08/faq-fmg.pdf. Error is: NotFound: No such file or directory (os error 2): open '/Users/gurkiransinghrandhawa/Desktop/Forms/project/storeFiles/pb/medical-council/faq-fmg.pdf'
2024-07-23 12:40:02 Error: Unable to safe pdf file for Punjab medical council forms. Link:https://punjabmedicalcouncil.in/pmc/wp-content/uploads/2022/08/28.7.2022.pdf. Error is: NotFound: No such file or directory (os error 2): open '/Users/gurkiransinghrandhawa/Desktop/Forms/project/storeFiles/pb/medical-council/28.7.2022.pdf'
2024-07-23 12:40:03 Error: Unable to safe pdf file for Punjab medical council forms. Link:https://punjabmedicalcouncil.in/pmc/wp-content/uploads/2022/08/14.7.2022.pdf. Error is: NotFound: No such file or directory (os error 2): open '/Users/gurkiransinghrandhawa/Desktop/Forms/project/storeFiles/pb/medical-council/14.7.2022.pdf'
2024-07-23 12:40:03 Error: Unable to safe pdf file for Punjab medical council forms. Link:https://punjabmedicalcouncil.in/wp-content/uploads/2024/07/merit-list1-7-2024revised_appln_data-1.pdf. Error is: NotFound: No such file or directory (os error 2): open '/Users/gurkiransinghrandhawa/Desktop/Forms/project/storeFiles/pb/medical-council/merit-list1-7-2024revised_appln_data-1.pdf'
2024-07-23 12:40:03 Error: Unable to safe pdf file for Punjab medical council forms. Link:https://punjabmedicalcouncil.in/wp-content/uploads/2024/07/Notice-for-FMG-students-.pdf. Error is: NotFound: No such file or directory (os error 2): open '/Users/gurkiransinghrandhawa/Desktop/Forms/project/storeFiles/pb/medical-council/Notice-for-FMG-students-.pdf'
2024-07-23 12:40:04 Error: Unable to safe pdf file for Punjab medical council forms. Link:https://punjabmedicalcouncil.in/wp-content/uploads/2024/06/Notice-for-FMG-Internship-.pdf. Error is: NotFound: No such file or directory (os error 2): open '/Users/gurkiransinghrandhawa/Desktop/Forms/project/storeFiles/pb/medical-council/Notice-for-FMG-Internship-.pdf'
2024-07-23 12:40:04 Error: Unable to safe pdf file for Punjab medical council forms. Link:https://punjabmedicalcouncil.in/wp-content/uploads/2024/06/Indian-medical-graduates-.pdf. Error is: NotFound: No such file or directory (os error 2): open '/Users/gurkiransinghrandhawa/Desktop/Forms/project/storeFiles/pb/medical-council/Indian-medical-graduates-.pdf'
2024-07-23 12:40:04 Error: Unable to safe pdf file for Punjab medical council forms. Link:https://punjabmedicalcouncil.in/wp-content/uploads/2024/05/FMG-internship-shifting-.pdf. Error is: NotFound: No such file or directory (os error 2): open '/Users/gurkiransinghrandhawa/Desktop/Forms/project/storeFiles/pb/medical-council/FMG-internship-shifting-.pdf'
2024-07-23 12:40:04 Error: Unable to safe pdf file for Punjab medical council forms. Link:https://punjabmedicalcouncil.in/wp-content/uploads/2024/04/New-doc-Apr-30-2024-17.00.pdf. Error is: NotFound: No such file or directory (os error 2): open '/Users/gurkiransinghrandhawa/Desktop/Forms/project/storeFiles/pb/medical-council/New-doc-Apr-30-2024-17.00.pdf'
2024-07-23 12:40:05 Error: Unable to safe pdf file for Punjab medical council forms. Link:https://punjabmedicalcouncil.in/wp-content/uploads/2024/04/CamScanner-04-18-2024-17.17.pdf. Error is: NotFound: No such file or directory (os error 2): open '/Users/gurkiransinghrandhawa/Desktop/Forms/project/storeFiles/pb/medical-council/CamScanner-04-18-2024-17.17.pdf'
2024-07-23 12:40:05 Error: Unable to safe pdf file for Punjab medical council forms. Link:https://punjabmedicalcouncil.in/wp-content/uploads/2024/01/Public-Notice-regarding-Provisional-registration-of-FMG.pdf. Error is: NotFound: No such file or directory (os error 2): open '/Users/gurkiransinghrandhawa/Desktop/Forms/project/storeFiles/pb/medical-council/Public-Notice-regarding-Provisional-registration-of-FMG.pdf'
2024-07-23 12:40:05 Error: Unable to safe pdf file for Punjab medical council forms. Link:https://punjabmedicalcouncil.in/wp-content/uploads/2023/12/16-letter-2.pdf. Error is: NotFound: No such file or directory (os error 2): open '/Users/gurkiransinghrandhawa/Desktop/Forms/project/storeFiles/pb/medical-council/16-letter-2.pdf'
2024-07-23 12:40:06 Error: Unable to safe pdf file for Punjab medical council forms. Link:https://punjabmedicalcouncil.in/wp-content/uploads/2023/12/16-letter-2.pdf. Error is: NotFound: No such file or directory (os error 2): open '/Users/gurkiransinghrandhawa/Desktop/Forms/project/storeFiles/pb/medical-council/16-letter-2.pdf'
2024-07-23 12:40:06 Error: Unable to safe pdf file for Punjab medical council forms. Link:https://punjabmedicalcouncil.in/wp-content/uploads/2023/12/NMC-PUBLIC-NOTICE-_DRAFT-1-22-11-2023.pdf. Error is: NotFound: No such file or directory (os error 2): open '/Users/gurkiransinghrandhawa/Desktop/Forms/project/storeFiles/pb/medical-council/NMC-PUBLIC-NOTICE-_DRAFT-1-22-11-2023.pdf'
2024-07-23 12:40:06 Error: Unable to safe pdf file for Punjab medical council forms. Link:https://punjabmedicalcouncil.in/wp-content/uploads/2023/12/7-doctor.pdf. Error is: NotFound: No such file or directory (os error 2): open '/Users/gurkiransinghrandhawa/Desktop/Forms/project/storeFiles/pb/medical-council/7-doctor.pdf'
2024-07-23 12:40:07 Error: Unable to safe pdf file for Punjab medical council forms. Link:https://punjabmedicalcouncil.in/wp-content/uploads/2023/12/CamScanner-12-04-2023-16.03.pdf. Error is: NotFound: No such file or directory (os error 2): open '/Users/gurkiransinghrandhawa/Desktop/Forms/project/storeFiles/pb/medical-council/CamScanner-12-04-2023-16.03.pdf'
2024-07-23 12:40:07 Error: Unable to safe pdf file for Punjab medical council forms. Link:https://punjabmedicalcouncil.in/wp-content/uploads/2023/11/PUBLIC-NOTICE-_DRAFT.pdf. Error is: NotFound: No such file or directory (os error 2): open '/Users/gurkiransinghrandhawa/Desktop/Forms/project/storeFiles/pb/medical-council/PUBLIC-NOTICE-_DRAFT.pdf'
2024-07-23 12:40:08 Error: Unable to safe pdf file for Punjab medical council forms. Link:https://punjabmedicalcouncil.in/wp-content/uploads/2023/11/CamScanner-11-21-2023-09.14.pdf. Error is: NotFound: No such file or directory (os error 2): open '/Users/gurkiransinghrandhawa/Desktop/Forms/project/storeFiles/pb/medical-council/CamScanner-11-21-2023-09.14.pdf'
2024-07-23 12:40:08 Error: Unable to safe pdf file for Punjab medical council forms. Link:https://punjabmedicalcouncil.in/wp-content/uploads/2023/07/CamScanner-07-04-2023-11.22.pdf. Error is: NotFound: No such file or directory (os error 2): open '/Users/gurkiransinghrandhawa/Desktop/Forms/project/storeFiles/pb/medical-council/CamScanner-07-04-2023-11.22.pdf'
2024-07-23 12:40:08 Error: Unable to safe pdf file for Punjab medical council forms. Link:https://punjabmedicalcouncil.in/wp-content/uploads/2023/06/New-Doc-2023-06-16-12.26.41.pdf. Error is: NotFound: No such file or directory (os error 2): open '/Users/gurkiransinghrandhawa/Desktop/Forms/project/storeFiles/pb/medical-council/New-Doc-2023-06-16-12.26.41.pdf'
2024-07-23 12:40:08 Error: Unable to safe pdf file for Punjab medical council forms. Link:https://punjabmedicalcouncil.in/wp-content/uploads/2023/06/List-of-FMG-transfer-shift-in-GMSSH-16-Chandigarh.pdf. Error is: NotFound: No such file or directory (os error 2): open '/Users/gurkiransinghrandhawa/Desktop/Forms/project/storeFiles/pb/medical-council/List-of-FMG-transfer-shift-in-GMSSH-16-Chandigarh.pdf'
2024-07-23 12:40:09 Error: Unable to safe pdf file for Punjab medical council forms. Link:https://punjabmedicalcouncil.in/wp-content/uploads/2023/05/Notice-regarding-FMG-students-transfer-shifting-to-GMSH-16-Chandigarh.pdf. Error is: NotFound: No such file or directory (os error 2): open '/Users/gurkiransinghrandhawa/Desktop/Forms/project/storeFiles/pb/medical-council/Notice-regarding-FMG-students-transfer-shifting-to-GMSH-16-Chandigarh.pdf'
2024-07-23 12:40:09 Error: Unable to safe pdf file for Punjab medical council forms. Link:https://punjabmedicalcouncil.in/wp-content/uploads/2023/05/NOTICE_FOR_FMG_STUDENTS_09052023.pdf. Error is: NotFound: No such file or directory (os error 2): open '/Users/gurkiransinghrandhawa/Desktop/Forms/project/storeFiles/pb/medical-council/NOTICE_FOR_FMG_STUDENTS_09052023.pdf'
2024-07-23 12:40:09 Error: Unable to safe pdf file for Punjab medical council forms. Link:https://punjabmedicalcouncil.in/wp-content/uploads/2023/04/CamScanner-04-26-2023-18.23.pdf. Error is: NotFound: No such file or directory (os error 2): open '/Users/gurkiransinghrandhawa/Desktop/Forms/project/storeFiles/pb/medical-council/CamScanner-04-26-2023-18.23.pdf'
2024-07-30 17:15:05 Error: Unable to fetch the file: https://psebfiles.s3.ap-south-1.amazonaws.com/media/1682068809_XII ਰਾਜਨੀਤੀ ਸ਼ਾਸਤਰ ਸਿਲੇਬਸ 2023-24.pdf
2024-07-30 17:15:59 Error: Unable to safe pdf file for Punjab pseb forms. Link:https://psebfiles.s3.ap-south-1.amazonaws.com/media/1676266236_14. The Road Not Taken.mp3. Error is: TypeError: error sending request for url (https://psebfiles.s3.ap-south-1.amazonaws.com/media/1676266236_14.%20The%20Road%20Not%20Taken.mp3)
2024-07-30 17:16:57 Error: Unable to fetch the file: https://psebfiles.s3.ap-south-1.amazonaws.com/media/1654750165_ਕੰਪਿਊਟਰ ਸਾਇੰਸ -8th.pdf
2024-07-30 17:17:40 Error: Unable to fetch the file: https://psebfiles.s3.ap-south-1.amazonaws.com/media/1665141056_11th ਸਕੀਮ ਆਫ਼ ਸਟਡੀਜ 2022-23.pdf
2024-07-30 17:18:01 Error: Unable to fetch the file: https://psebfiles.s3.ap-south-1.amazonaws.com/media/1665141101_12th ਸਕੀਮ ਆਫ਼ ਸਟਡੀਜ 2022-23.pdf
2024-07-30 17:20:46 Error: Unable to fetch the file: http://punjabtransport.org/form46.pdf
2024-07-30 17:20:49 Error: Unable to fetch the file: http://punjabtransport.org/form48.pdf
